[08/14/20, 15:06:28:647] info: [API-Q] (TPFGVDSR1) 00af2c42-1597410388.642 client.counts called with reason: client-counts-api/fetchClientCounts 
[08/14/20, 15:06:28:652] info: [API-Q] (TPFGVDSR1) 00af2c42-1597410388.642 client.counts is ENQUEUED 
[08/14/20, 15:06:28:652] info: [API-Q] (TPFGVDSR1) 00af2c42-1597410388.643 subteams.membership called with reason: user-group-membership-api/fetchUserGroupMembership 
[08/14/20, 15:06:28:652] info: [API-Q] (TPFGVDSR1) 00af2c42-1597410388.643 subteams.membership is ENQUEUED 
[08/14/20, 15:06:28:652] info: [DESKTOP-SIDE-EFFECT] (TPFGVDSR1) Reacting to  {"type":"[59] Set a value that represents whether we are currently in the boot phase","payload":false,"error":false} 
[08/14/20, 15:06:28:653] info: [API-Q] (TCZ97144A) noversion-1597410387.584 Flannel users/info is RESOLVED 
[08/14/20, 15:06:28:653] info: [API-Q] (TCZ97144A) 00af2c42-1597410388.280 ublockworkaround.history is ACTIVE 
[08/14/20, 15:06:28:712] info: [API-Q] (T03HMPJ8R) 00af2c42-1597410387.303 client.counts is RESOLVED 
[08/14/20, 15:06:28:713] info: [API-Q] (T03HMPJ8R) 00af2c42-1597410387.304 subteams.membership is ACTIVE 
[08/14/20, 15:06:28:715] info: [COUNTS] (T03HMPJ8R) Applying counts to channels 
[08/14/20, 15:06:28:716] info: [COUNTS] (T03HMPJ8R) Threads has_unreads:false mention_count:0 
[08/14/20, 15:06:28:717] info: [COUNTS] (T03HMPJ8R) Completed counts processing 
[08/14/20, 15:06:28:756] info: [API-Q] (T03S8TX18) 00af2c42-1597410388.487 conversations.history is RESOLVED 
[08/14/20, 15:06:28:763] info: [PLATFORM-CHANNEL-ACTI] (T03S8TX18) Not updating count for channel C018BUCDFL2, as count was already set to 0 
[08/14/20, 15:06:28:764] info: [API-Q] (T03S8TX18) 00af2c42-1597410388.763 conversations.history called with reason: channel-history-store.CFM.fetch 
[08/14/20, 15:06:28:764] info: [API-Q] (T03S8TX18) 00af2c42-1597410388.763 conversations.history is ENQUEUED 
[08/14/20, 15:06:28:765] info: [API-Q] (T03S8TX18) 00af2c42-1597410388.763 conversations.history is ACTIVE 
[08/14/20, 15:06:28:860] info: [API-Q] (TCZ97144A) 00af2c42-1597410388.280 ublockworkaround.history is RESOLVED 
[08/14/20, 15:06:28:861] info: [API-Q] (TCZ97144A) 00af2c42-1597410388.279 ublockworkaround.history is ACTIVE 
[08/14/20, 15:06:28:861] info: [API-Q] (TPFGVDSR1) noversion-1597410387.169 Flannel users/info is RESOLVED 
[08/14/20, 15:06:28:862] info: [API-Q] (TPFGVDSR1) 00af2c42-1597410388.640 ublockworkaround.history is ACTIVE 
[08/14/20, 15:06:28:867] info: [API-Q] (TPFGVDSR1) noversion-1597410388.867 Flannel users/info called with reason: flannel-call:users/info 
[08/14/20, 15:06:28:868] info: [API-Q] (TPFGVDSR1) noversion-1597410388.867 Flannel users/info is ENQUEUED 
[08/14/20, 15:06:28:963] info: [API-Q] (T03HMPJ8R) 00af2c42-1597410387.304 subteams.membership is RESOLVED 
[08/14/20, 15:06:28:963] info: [API-Q] (T03S8TX18) 00af2c42-1597410388.763 conversations.history is RESOLVED 
[08/14/20, 15:06:28:965] info: [USER_GROUP_MEMBERSHIP] (T03HMPJ8R) Completed subteams.membership processing 
[08/14/20, 15:06:28:970] info: [PLATFORM-CHANNEL-ACTI] (T03S8TX18) Not updating count for channel C018BUCDFL2, as count was already set to 0 
[08/14/20, 15:06:28:973] info: [UNREAD-COUNTS] (T03S8TX18) Counting unreads in C018BUCDFL2 because (116) timestamps added 
[08/14/20, 15:06:28:974] info: [UNREAD-COUNTS] (T03S8TX18) Checking unreads in C018BUCDFL2 after a new message 
[08/14/20, 15:06:28:974] info: [CHECK-UNREADS] (T03S8TX18) Not marking C018BUCDFL2 because attention not on chat (window_not_focused) 
[08/14/20, 15:06:29:281] info: [API-Q] (TPFGVDSR1) 00af2c42-1597410388.640 ublockworkaround.history is RESOLVED 
[08/14/20, 15:06:29:281] info: [API-Q] (TPFGVDSR1) noversion-1597410388.867 Flannel users/info is ACTIVE 
[08/14/20, 15:06:29:293] info: [API-Q] (TCZ97144A) 00af2c42-1597410388.279 ublockworkaround.history is RESOLVED 
[08/14/20, 15:06:29:293] info: [API-Q] (TCZ97144A) 00af2c42-1597410388.282 client.counts is ACTIVE 
[08/14/20, 15:06:29:297] info: [EVENTLOG] (TCZ97144A) nothing to process 
[08/14/20, 15:06:29:297] info: [EVENTLOG] (TCZ97144A) nothing to process 
[08/14/20, 15:06:29:298] info: [EVENTLOG] (TCZ97144A) fetched finish (cancelled? false) 
[08/14/20, 15:06:29:298] info: [EVENTLOG] (TCZ97144A) dispatching signal and clearing timestamp 
[08/14/20, 15:06:29:393] info: [API-Q] (TPFGVDSR1) noversion-1597410388.867 Flannel users/info is RESOLVED 
[08/14/20, 15:06:29:395] info: [API-Q] (TPFGVDSR1) 00af2c42-1597410388.640 ublockworkaround.history is ACTIVE 
[08/14/20, 15:06:29:652] info: [API-Q] (TCZ97144A) 00af2c42-1597410388.282 client.counts is RESOLVED 
[08/14/20, 15:06:29:653] info: [API-Q] (TCZ97144A) 00af2c42-1597410388.283 subteams.membership is ACTIVE 
[08/14/20, 15:06:29:655] info: [COUNTS] (TCZ97144A) Applying counts to channels 
[08/14/20, 15:06:29:656] info: [COUNTS] (TCZ97144A) Threads has_unreads:false mention_count:0 
[08/14/20, 15:06:29:657] info: [COUNTS] (TCZ97144A) Completed counts processing 
[08/14/20, 15:06:29:692] info: [API-Q] (TPFGVDSR1) 00af2c42-1597410388.640 ublockworkaround.history is RESOLVED 
[08/14/20, 15:06:29:693] info: [API-Q] (TPFGVDSR1) 00af2c42-1597410388.642 client.counts is ACTIVE 
[08/14/20, 15:06:29:694] info: [EVENTLOG] (TPFGVDSR1) nothing to process 
[08/14/20, 15:06:29:695] info: [EVENTLOG] (TPFGVDSR1) nothing to process 
[08/14/20, 15:06:29:695] info: [EVENTLOG] (TPFGVDSR1) fetched finish (cancelled? false) 
[08/14/20, 15:06:29:695] info: [EVENTLOG] (TPFGVDSR1) dispatching signal and clearing timestamp 
[08/14/20, 15:06:29:827] info: [API-Q] (TCZ97144A) 00af2c42-1597410388.283 subteams.membership is RESOLVED 
[08/14/20, 15:06:29:830] info: [USER_GROUP_MEMBERSHIP] (TCZ97144A) Completed subteams.membership processing 
[08/14/20, 15:06:30:039] info: [API-Q] (TPFGVDSR1) 00af2c42-1597410388.642 client.counts is RESOLVED 
[08/14/20, 15:06:30:039] info: [API-Q] (TPFGVDSR1) 00af2c42-1597410388.643 subteams.membership is ACTIVE 
[08/14/20, 15:06:30:042] info: [COUNTS] (TPFGVDSR1) Applying counts to channels 
[08/14/20, 15:06:30:043] info: [COUNTS] (TPFGVDSR1) Threads has_unreads:false mention_count:0 
[08/14/20, 15:06:30:043] info: [COUNTS] (TPFGVDSR1) Completed counts processing 
[08/14/20, 15:06:30:207] info: [API-Q] (TPFGVDSR1) 00af2c42-1597410388.643 subteams.membership is RESOLVED 
[08/14/20, 15:06:30:210] info: [USER_GROUP_MEMBERSHIP] (TPFGVDSR1) Completed subteams.membership processing 
[08/14/20, 15:06:37:115] info: [SOCKET-MANAGER] (TPFGVDSR1) got offline event; moving to DISCONNECT as needed 
[08/14/20, 15:06:37:116] info: [SOCKET-MANAGER] (TPFGVDSR1) Changing from connected to disconnect 
[08/14/20, 15:06:37:118] info: [SOCKET-MANAGER] (TPFGVDSR1) will stay in disconnect state for up to 10000 ms 
[08/14/20, 15:06:37:118] info: [SOCKET-MANAGER] (TPFGVDSR1) Changing from disconnect to disconnecting 
[08/14/20, 15:06:37:119] info: [SOCKET-MANAGER] (TPFGVDSR1) will stay in disconnecting state for up to 10000 ms 
[08/14/20, 15:06:37:119] info: [SOCKET-MANAGER] (TPFGVDSR1) Closing socket because #4100: disconnect requested 
[08/14/20, 15:06:37:119] info: [SOCKET-MANAGER] (TPFGVDSR1) Changing from disconnecting to disconnected 
[08/14/20, 15:06:37:120] info: [SOCKET-MANAGER] (TPFGVDSR1) will stay in disconnected state for up to 10000 ms 
[08/14/20, 15:06:37:120] info: [SOCKET-MANAGER] (TPFGVDSR1) Disconnected! Online? true 
[08/14/20, 15:06:37:120] info: [SOCKET-MANAGER] (TPFGVDSR1) Changing from disconnected to wait_for_rate_limit 
[08/14/20, 15:06:37:120] info: [SOCKET-MANAGER] (TPFGVDSR1) will stay in wait_for_rate_limit state for up to 120000 ms 
[08/14/20, 15:06:37:120] info: [SOCKET-MANAGER] (TPFGVDSR1) backing off: will wait for 937 ms 
[08/14/20, 15:06:37:121] info: [SOCKET-MANAGER] (TCZ97144A) got offline event; moving to DISCONNECT as needed 
[08/14/20, 15:06:37:122] info: [SOCKET-MANAGER] (TCZ97144A) Changing from connected to disconnect 
[08/14/20, 15:06:37:122] info: [SOCKET-MANAGER] (TCZ97144A) will stay in disconnect state for up to 10000 ms 
[08/14/20, 15:06:37:123] info: [SOCKET-MANAGER] (TCZ97144A) Changing from disconnect to disconnecting 
[08/14/20, 15:06:37:123] info: [SOCKET-MANAGER] (TCZ97144A) will stay in disconnecting state for up to 10000 ms 
[08/14/20, 15:06:37:124] info: [SOCKET-MANAGER] (TCZ97144A) Closing socket because #4100: disconnect requested 
[08/14/20, 15:06:37:124] info: [SOCKET-MANAGER] (TCZ97144A) Changing from disconnecting to disconnected 
[08/14/20, 15:06:37:124] info: [SOCKET-MANAGER] (TCZ97144A) will stay in disconnected state for up to 10000 ms 
[08/14/20, 15:06:37:124] info: [SOCKET-MANAGER] (TCZ97144A) Disconnected! Online? true 
[08/14/20, 15:06:37:124] info: [SOCKET-MANAGER] (TCZ97144A) Changing from disconnected to wait_for_rate_limit 
[08/14/20, 15:06:37:125] info: [SOCKET-MANAGER] (TCZ97144A) will stay in wait_for_rate_limit state for up to 120000 ms 
[08/14/20, 15:06:37:125] info: [SOCKET-MANAGER] (TCZ97144A) backing off: will wait for 466 ms 
[08/14/20, 15:06:37:125] info: [SOCKET-MANAGER] (TFKDG2MCK) got offline event; moving to DISCONNECT as needed 
[08/14/20, 15:06:37:126] info: [SOCKET-MANAGER] (TFKDG2MCK) Changing from connected to disconnect 
[08/14/20, 15:06:37:127] info: [SOCKET-MANAGER] (TFKDG2MCK) will stay in disconnect state for up to 10000 ms 
[08/14/20, 15:06:37:127] info: [SOCKET-MANAGER] (TFKDG2MCK) Changing from disconnect to disconnecting 
[08/14/20, 15:06:37:128] info: [SOCKET-MANAGER] (TFKDG2MCK) will stay in disconnecting state for up to 10000 ms 
[08/14/20, 15:06:37:128] info: [SOCKET-MANAGER] (TFKDG2MCK) Closing socket because #4100: disconnect requested 
[08/14/20, 15:06:37:128] info: [SOCKET-MANAGER] (TFKDG2MCK) Changing from disconnecting to disconnected 
[08/14/20, 15:06:37:129] info: [SOCKET-MANAGER] (TFKDG2MCK) will stay in disconnected state for up to 10000 ms 
[08/14/20, 15:06:37:129] info: [SOCKET-MANAGER] (TFKDG2MCK) Disconnected! Online? true 
[08/14/20, 15:06:37:129] info: [SOCKET-MANAGER] (TFKDG2MCK) Changing from disconnected to wait_for_rate_limit 
[08/14/20, 15:06:37:129] info: [SOCKET-MANAGER] (TFKDG2MCK) will stay in wait_for_rate_limit state for up to 120000 ms 
[08/14/20, 15:06:37:130] info: [SOCKET-MANAGER] (TFKDG2MCK) backing off: will wait for 941 ms 
[08/14/20, 15:06:37:130] info: [SOCKET-MANAGER] (T03S8TX18) got offline event; moving to DISCONNECT as needed 
[08/14/20, 15:06:37:131] info: [SOCKET-MANAGER] (T03S8TX18) Changing from connected to disconnect 
[08/14/20, 15:06:37:133] info: [SOCKET-MANAGER] (T03S8TX18) will stay in disconnect state for up to 10000 ms 
[08/14/20, 15:06:37:134] info: [SOCKET-MANAGER] (T03S8TX18) Changing from disconnect to disconnecting 
[08/14/20, 15:06:37:134] info: [SOCKET-MANAGER] (T03S8TX18) will stay in disconnecting state for up to 10000 ms 
[08/14/20, 15:06:37:135] info: [SOCKET-MANAGER] (T03S8TX18) Closing socket because #4100: disconnect requested 
[08/14/20, 15:06:37:136] info: [SOCKET-MANAGER] (T03S8TX18) Changing from disconnecting to disconnected 
[08/14/20, 15:06:37:136] info: [SOCKET-MANAGER] (T03S8TX18) will stay in disconnected state for up to 10000 ms 
[08/14/20, 15:06:37:136] info: [SOCKET-MANAGER] (T03S8TX18) Disconnected! Online? true 
[08/14/20, 15:06:37:136] info: [SOCKET-MANAGER] (T03S8TX18) Changing from disconnected to wait_for_rate_limit 
[08/14/20, 15:06:37:136] info: [SOCKET-MANAGER] (T03S8TX18) will stay in wait_for_rate_limit state for up to 120000 ms 
[08/14/20, 15:06:37:137] info: [SOCKET-MANAGER] (T03S8TX18) backing off: will wait for 209 ms 
[08/14/20, 15:06:37:137] info: [SOCKET-MANAGER] (T03HMPJ8R) got offline event; moving to DISCONNECT as needed 
[08/14/20, 15:06:37:137] info: [SOCKET-MANAGER] (T03HMPJ8R) Changing from connected to disconnect 
[08/14/20, 15:06:37:138] info: [SOCKET-MANAGER] (T03HMPJ8R) will stay in disconnect state for up to 10000 ms 
[08/14/20, 15:06:37:139] info: [SOCKET-MANAGER] (T03HMPJ8R) Changing from disconnect to disconnecting 
[08/14/20, 15:06:37:139] info: [SOCKET-MANAGER] (T03HMPJ8R) will stay in disconnecting state for up to 10000 ms 
[08/14/20, 15:06:37:140] info: [SOCKET-MANAGER] (T03HMPJ8R) Closing socket because #4100: disconnect requested 
[08/14/20, 15:06:37:140] info: [SOCKET-MANAGER] (T03HMPJ8R) Changing from disconnecting to disconnected 
[08/14/20, 15:06:37:140] info: [SOCKET-MANAGER] (T03HMPJ8R) will stay in disconnected state for up to 10000 ms 
[08/14/20, 15:06:37:140] info: [SOCKET-MANAGER] (T03HMPJ8R) Disconnected! Online? true 
[08/14/20, 15:06:37:140] info: [SOCKET-MANAGER] (T03HMPJ8R) Changing from disconnected to wait_for_rate_limit 
[08/14/20, 15:06:37:141] info: [SOCKET-MANAGER] (T03HMPJ8R) will stay in wait_for_rate_limit state for up to 120000 ms 
[08/14/20, 15:06:37:141] info: [SOCKET-MANAGER] (T03HMPJ8R) backing off: will wait for 998 ms 
[08/14/20, 15:06:37:142] info: [SOCKET-MANAGER] (TSEDTE2H0) got offline event; moving to DISCONNECT as needed 
[08/14/20, 15:06:37:142] info: [SOCKET-MANAGER] (TSEDTE2H0) Changing from connected to disconnect 
[08/14/20, 15:06:37:144] info: [SOCKET-MANAGER] (TSEDTE2H0) will stay in disconnect state for up to 10000 ms 
[08/14/20, 15:06:37:144] info: [SOCKET-MANAGER] (TSEDTE2H0) Changing from disconnect to disconnecting 
[08/14/20, 15:06:37:145] info: [SOCKET-MANAGER] (TSEDTE2H0) will stay in disconnecting state for up to 10000 ms 
[08/14/20, 15:06:37:145] info: [SOCKET-MANAGER] (TSEDTE2H0) Closing socket because #4100: disconnect requested 
[08/14/20, 15:06:37:145] info: [SOCKET-MANAGER] (TSEDTE2H0) Changing from disconnecting to disconnected 
[08/14/20, 15:06:37:146] info: [SOCKET-MANAGER] (TSEDTE2H0) will stay in disconnected state for up to 10000 ms 
[08/14/20, 15:06:37:146] info: [SOCKET-MANAGER] (TSEDTE2H0) Disconnected! Online? true 
[08/14/20, 15:06:37:146] info: [SOCKET-MANAGER] (TSEDTE2H0) Changing from disconnected to wait_for_rate_limit 
[08/14/20, 15:06:37:146] info: [SOCKET-MANAGER] (TSEDTE2H0) will stay in wait_for_rate_limit state for up to 120000 ms 
[08/14/20, 15:06:37:147] info: [SOCKET-MANAGER] (TSEDTE2H0) backing off: will wait for 231 ms 
[08/14/20, 15:06:37:312] warn: SLACK-SOCKET Tried to send ping. but our socket is closed; readyState = 2 
[08/14/20, 15:06:37:346] info: [SOCKET-MANAGER] (T03S8TX18) Changing from wait_for_rate_limit to connect 
[08/14/20, 15:06:37:348] info: [SOCKET-MANAGER] (T03S8TX18) will stay in connect state for up to 10000 ms 
[08/14/20, 15:06:37:349] info: [SOCKET-MANAGER] (T03S8TX18) Changing from connect to checking_fast_reconnect 
[08/14/20, 15:06:37:349] info: [SOCKET-MANAGER] (T03S8TX18) will stay in checking_fast_reconnect state for up to 60000 ms 
[08/14/20, 15:06:37:349] info: [SOCKET-MANAGER] (T03S8TX18) Attempting to connect to primary region 
[08/14/20, 15:06:37:349] info: [SOCKET-MANAGER] (T03S8TX18) Changing from checking_fast_reconnect to fast_reconnecting 
[08/14/20, 15:06:37:349] info: [SOCKET-MANAGER] (T03S8TX18) will stay in fast_reconnecting state for up to 20000 ms 
[08/14/20, 15:06:37:455] info: [SOCKET-MANAGER] (TSEDTE2H0) Changing from wait_for_rate_limit to connect 
[08/14/20, 15:06:37:457] info: [SOCKET-MANAGER] (TSEDTE2H0) will stay in connect state for up to 10000 ms 
[08/14/20, 15:06:37:457] info: [SOCKET-MANAGER] (TSEDTE2H0) Changing from connect to checking_fast_reconnect 
[08/14/20, 15:06:37:457] info: [SOCKET-MANAGER] (TSEDTE2H0) will stay in checking_fast_reconnect state for up to 60000 ms 
[08/14/20, 15:06:37:457] info: [SOCKET-MANAGER] (TSEDTE2H0) Attempting to connect to primary region 
[08/14/20, 15:06:37:458] info: [SOCKET-MANAGER] (TSEDTE2H0) Changing from checking_fast_reconnect to fast_reconnecting 
[08/14/20, 15:06:37:458] info: [SOCKET-MANAGER] (TSEDTE2H0) will stay in fast_reconnecting state for up to 20000 ms 
[08/14/20, 15:06:37:592] info: [SOCKET-MANAGER] (TCZ97144A) Changing from wait_for_rate_limit to connect 
[08/14/20, 15:06:37:595] info: [SOCKET-MANAGER] (TCZ97144A) will stay in connect state for up to 10000 ms 
[08/14/20, 15:06:37:596] info: [SOCKET-MANAGER] (TCZ97144A) Changing from connect to checking_fast_reconnect 
[08/14/20, 15:06:37:596] info: [SOCKET-MANAGER] (TCZ97144A) will stay in checking_fast_reconnect state for up to 60000 ms 
[08/14/20, 15:06:37:596] info: [SOCKET-MANAGER] (TCZ97144A) Attempting to connect to primary region 
[08/14/20, 15:06:37:596] info: [SOCKET-MANAGER] (TCZ97144A) Changing from checking_fast_reconnect to fast_reconnecting 
[08/14/20, 15:06:37:597] info: [SOCKET-MANAGER] (TCZ97144A) will stay in fast_reconnecting state for up to 20000 ms 
[08/14/20, 15:06:37:622] info: [NETWORK-CONNECTIVITY] Received offline event! Upserting that the client is offline. 
[08/14/20, 15:06:37:829] info: [API-Q] (TCZ97144A) Pausing queue because client is offline 
[08/14/20, 15:06:37:833] info: [NETWORK-CONNECTIVITY] Failed to establish a connection after 1 attempt(s); Retrying in 1000ms. 
[08/14/20, 15:06:37:965] info: [API-Q] (T03HMPJ8R) Pausing queue because client is offline 
[08/14/20, 15:06:37:965] info: [API-Q] (T03S8TX18) Pausing queue because client is offline 
[08/14/20, 15:06:38:058] info: [SOCKET-MANAGER] (TPFGVDSR1) Changing from wait_for_rate_limit to wait_for_connectivity 
[08/14/20, 15:06:38:058] info: [SOCKET-MANAGER] (TPFGVDSR1) will stay in wait_for_connectivity state for up to 300000 ms 
[08/14/20, 15:06:38:072] info: [SOCKET-MANAGER] (TFKDG2MCK) Changing from wait_for_rate_limit to wait_for_connectivity 
[08/14/20, 15:06:38:072] info: [SOCKET-MANAGER] (TFKDG2MCK) will stay in wait_for_connectivity state for up to 300000 ms 
[08/14/20, 15:06:38:139] info: [SOCKET-MANAGER] (T03HMPJ8R) Changing from wait_for_rate_limit to wait_for_connectivity 
[08/14/20, 15:06:38:140] info: [SOCKET-MANAGER] (T03HMPJ8R) will stay in wait_for_connectivity state for up to 300000 ms 
[08/14/20, 15:06:38:240] info: [API-Q] (TPFGVDSR1) Pausing queue because client is offline 
[08/14/20, 15:06:38:346] info: [API-Q] (TFKDG2MCK) Pausing queue because client is offline 
[08/14/20, 15:06:38:459] info: [API-Q] (TSEDTE2H0) Pausing queue because client is offline 
[08/14/20, 15:06:38:834] info: [NETWORK-CONNECTIVITY] Failed to establish a connection after 2 attempt(s); Retrying in 1000ms. 
[08/14/20, 15:06:39:311] info: [NETWORK-CONNECTIVITY] Received online event! Upserting that the client is online. 
[08/14/20, 15:06:40:086] info: [SOCKET-MANAGER] (TPFGVDSR1) got offline event; moving to DISCONNECT as needed 
[08/14/20, 15:06:40:086] info: [SOCKET-MANAGER] (TCZ97144A) got offline event; moving to DISCONNECT as needed 
[08/14/20, 15:06:40:087] info: [SOCKET-MANAGER] (TCZ97144A) Changing from fast_reconnecting to disconnect 
[08/14/20, 15:06:40:087] info: [SOCKET-MANAGER] (TCZ97144A) will stay in disconnect state for up to 10000 ms 
[08/14/20, 15:06:40:088] info: [SOCKET-MANAGER] (TCZ97144A) Changing from disconnect to disconnecting 
[08/14/20, 15:06:40:088] info: [SOCKET-MANAGER] (TCZ97144A) will stay in disconnecting state for up to 10000 ms 
[08/14/20, 15:06:40:089] info: [SOCKET-MANAGER] (TCZ97144A) Closing socket because #4100: disconnect requested 
[08/14/20, 15:06:40:089] warn: WebSocket connection to 'wss://wss-primary.slack.com/?dp=1&flannel=3&frt=Hf-FAwEBA2ZydAH_hgABAgEBUAEKAAEBUwEKAAAA_gMR_4YB_gLoNf-BAwEBA2ZycAH_ggABBQECUnUBDAABAlRpAQwAAQJFaQEMAAECVWkBDAABAk10Af-EAAAAEP-DBQEBBFRpbWUB_4QAAAD-Ap7_ggH-AnB3c3M6Ly9jZXJiZXJ1cy1tZGQ0LmxiLnNsYWNrLW1zZ3MuY29tL3dlYnNvY2tldC9hOVpRMmxXcEVRdXR2d0otTTByeVplU0pIRDZtS0ZJWFpOVmJHUmtMSjlZcll3Z2dYSlZ3OEZJZGZQelpIVUxHdTR2SlNVNmFWa0JOdnk4LWZzUERzdG0tYXk4VmhiNk92aEtXTTNTNVo2eXBsNVN1VklObkxLdzdzOWtpWFVVNGl6dV91TzFxN3AwcW5XQVJTdVRUTXZjaFp0OWtpcF9kV1Jjb2t0aThsODJJc0h3anJ0NTd...mMl9nZkFoTlFoZDB3aU5aR2gyenhWaWFpZndMMThqclYybThneUdQTDQzYXU4V05LMEdZMEZCNElKRFBNdWs3d1FLYzBMV3JBTHAxVnVjNVBYRzktV1BfSVczd05jcnZ1aW55S3QySTBVZ3NJSFRxRlMyUlhGR1hPUnd0el80Y29NMHFEVmRBc0JuaEdXd2ZmLTZka2FyclBRRnVQcnFaRU5GUFMBCVRDWjk3MTQ0QQIJVU5ERkpER0VBAQ8BAAAADtbIg1IxPJyc_lwAASBounsJYrMWVQ-mRuXDul3Zq2ws9121gieYcdnTK7j11gA&no_query_on_subscribe=1&slack_client=desktop&sync_desync=1&token=[REDACTED]&lazy_channels=1' failed: WebSocket is closed before the connection is established. 
[08/14/20, 15:06:40:089] info: [SOCKET-MANAGER] (TCZ97144A) Changing from disconnecting to disconnected 
[08/14/20, 15:06:40:089] info: [SOCKET-MANAGER] (TCZ97144A) will stay in disconnected state for up to 10000 ms 
[08/14/20, 15:06:40:089] info: [SOCKET-MANAGER] (TCZ97144A) Disconnected! Online? true 
[08/14/20, 15:06:40:089] info: [SOCKET-MANAGER] (TCZ97144A) Changing from disconnected to wait_for_rate_limit 
[08/14/20, 15:06:40:089] info: [SOCKET-MANAGER] (TCZ97144A) will stay in wait_for_rate_limit state for up to 120000 ms 
[08/14/20, 15:06:40:090] info: [SOCKET-MANAGER] (TCZ97144A) backing off: will wait for 1174 ms 
[08/14/20, 15:06:40:090] info: [SOCKET-MANAGER] (TFKDG2MCK) got offline event; moving to DISCONNECT as needed 
[08/14/20, 15:06:40:090] info: [SOCKET-MANAGER] (T03S8TX18) got offline event; moving to DISCONNECT as needed 
[08/14/20, 15:06:40:091] info: [SOCKET-MANAGER] (T03S8TX18) Changing from fast_reconnecting to disconnect 
[08/14/20, 15:06:40:091] info: [SOCKET-MANAGER] (T03S8TX18) will stay in disconnect state for up to 10000 ms 
[08/14/20, 15:06:40:092] info: [SOCKET-MANAGER] (T03S8TX18) Changing from disconnect to disconnecting 
[08/14/20, 15:06:40:093] info: [SOCKET-MANAGER] (T03S8TX18) will stay in disconnecting state for up to 10000 ms 
[08/14/20, 15:06:40:093] info: [SOCKET-MANAGER] (T03S8TX18) Closing socket because #4100: disconnect requested 
[08/14/20, 15:06:40:093] warn: WebSocket connection to 'wss://wss-primary.slack.com/?dp=1&flannel=3&frt=Hf-FAwEBA2ZydAH_hgABAgEBUAEKAAEBUwEKAAAA_gMR_4YB_gLoNf-BAwEBA2ZycAH_ggABBQECUnUBDAABAlRpAQwAAQJFaQEMAAECVWkBDAABAk10Af-EAAAAEP-DBQEBBFRpbWUB_4QAAAD-Ap7_ggH-AnB3c3M6Ly9jZXJiZXJ1cy12ZDhhLmxiLnNsYWNrLW1zZ3MuY29tL3dlYnNvY2tldC81QnZaeUptQ1VUQjRyZWhuVXhRa0pBa0lkZGVpdG5JOUc3QzNSa2gtYVd2b2ZXVWV4RV9IMG1wdGNVa05UM2hlRzY0X1lCTlBaSXlwOVdVVGZhUnVfYUJ5TjJoR1N0UGtrYWs5QU1LdDNaSjc1MU1zVlZIaUhPRWZVWWpuckpMamJ1WEw3dFFlenFFYWZyd0swTWtnRHRKRFJqaDc1aEF6N2hSYkl5RWhOMU9qZnJrMUs0cnc...kM2UklINUZqVW9aTW9Td0N4cXBKRFp3LXZ2dEJRTFk4NzlFbzBYM1hlMmxBOXRRMFZSRUtVSEtIQzB6N05hd1d3R1lQQ1c5OERaeXM4Zm5hZjMxVGJWWDhqV2JEQXU2aXQ3ekxtLU80VmZlVHI1R0szRGU3Wnd2akJMa2VKMGRxYjJLelpqbGZOelZrNF9lZE9qUzg4OGpiRVBpWm9sNkRYb1JSeWcBCVQwM1M4VFgxOAIJVUdXMjkwRUxYAQ8BAAAADtbIg1AFeNKV_lwAASDSohdVq1pgUHe_ycy3B7DBr7WijrIIZCLrD78CL8kxrwA&no_query_on_subscribe=1&slack_client=desktop&sync_desync=1&token=[REDACTED]&lazy_channels=1' failed: WebSocket is closed before the connection is established. 
[08/14/20, 15:06:40:093] info: [SOCKET-MANAGER] (T03S8TX18) Changing from disconnecting to disconnected 
[08/14/20, 15:06:40:093] info: [SOCKET-MANAGER] (T03S8TX18) will stay in disconnected state for up to 10000 ms 
[08/14/20, 15:06:40:094] info: [SOCKET-MANAGER] (T03S8TX18) Disconnected! Online? true 
[08/14/20, 15:06:40:094] info: [SOCKET-MANAGER] (T03S8TX18) Changing from disconnected to wait_for_rate_limit 
[08/14/20, 15:06:40:094] info: [SOCKET-MANAGER] (T03S8TX18) will stay in wait_for_rate_limit state for up to 120000 ms 
[08/14/20, 15:06:40:094] info: [SOCKET-MANAGER] (T03S8TX18) backing off: will wait for 762 ms 
[08/14/20, 15:06:40:094] info: [SOCKET-MANAGER] (T03HMPJ8R) got offline event; moving to DISCONNECT as needed 
[08/14/20, 15:06:40:095] info: [SOCKET-MANAGER] (TSEDTE2H0) got offline event; moving to DISCONNECT as needed 
[08/14/20, 15:06:40:095] info: [SOCKET-MANAGER] (TSEDTE2H0) Changing from fast_reconnecting to disconnect 
[08/14/20, 15:06:40:095] info: [SOCKET-MANAGER] (TSEDTE2H0) will stay in disconnect state for up to 10000 ms 
[08/14/20, 15:06:40:095] info: [SOCKET-MANAGER] (TSEDTE2H0) Changing from disconnect to disconnecting 
[08/14/20, 15:06:40:096] info: [SOCKET-MANAGER] (TSEDTE2H0) will stay in disconnecting state for up to 10000 ms 
[08/14/20, 15:06:40:096] info: [SOCKET-MANAGER] (TSEDTE2H0) Closing socket because #4100: disconnect requested 
[08/14/20, 15:06:40:096] warn: WebSocket connection to 'wss://wss-primary.slack.com/?dp=1&flannel=3&frt=Hf-FAwEBA2ZydAH_hgABAgEBUAEKAAEBUwEKAAAA_gMR_4YB_gLoNf-BAwEBA2ZycAH_ggABBQECUnUBDAABAlRpAQwAAQJFaQEMAAECVWkBDAABAk10Af-EAAAAEP-DBQEBBFRpbWUB_4QAAAD-Ap7_ggH-AnB3c3M6Ly9jZXJiZXJ1cy00eWQ5LmxiLnNsYWNrLW1zZ3MuY29tL3dlYnNvY2tldC9CUUdERTVWS1VNVVppR1lQZjdwc2hBWUEwbjRXZC1WdTc2WUt2UEIxai16RmFPdkRGcTNWLXJhNGZESUJPdF9BbFVmcFFDbVl4dFdkSHNlVjh6TEJLT2RpRmRkbFpFak95SVA0bzdIOGlXTlgzWUo2X3o5QTd1b1NtckFkRHpjWTl3eExyWDNHNDkzamluVUFGZDR3ZTl5ZmpNZGxmZWZwYXV2Y3lMMmYxSi1yWmw2RktxWFd...ERjY4VExsWmlRbXE3SHNaNVBBMDVPSTNfT0JoTkFycmJjR3hHcXZJb09xZ0U1eTRyV05leEx4eHN3U3dUMEpkamtwRXhNYi1oWEk4Nnc4NEFqU1lxbFpWa3p5czY3VHpBY0o0SGVFcm1vSnRJY1ZaSmhBczl1VWNtcHl4MHkxemJLa1pVcFRoYmJVc0M2alNmbGc0bVNKQk0xallvQ1RSTldyV2EBCVRTRURURTJIMAIJVVNWM0I2ODMxAQ8BAAAADtbIg08s_ghz_lwAASDZyn6QjzN69nlf6lq37cqCgN3HX9Tz9vloxUNnfjFZCQA&no_query_on_subscribe=1&slack_client=desktop&sync_desync=1&token=[REDACTED]&lazy_channels=1' failed: WebSocket is closed before the connection is established. 
[08/14/20, 15:06:40:096] info: [SOCKET-MANAGER] (TSEDTE2H0) Changing from disconnecting to disconnected 
[08/14/20, 15:06:40:097] info: [SOCKET-MANAGER] (TSEDTE2H0) will stay in disconnected state for up to 10000 ms 
[08/14/20, 15:06:40:097] info: [SOCKET-MANAGER] (TSEDTE2H0) Disconnected! Online? true 
[08/14/20, 15:06:40:097] info: [SOCKET-MANAGER] (TSEDTE2H0) Changing from disconnected to wait_for_rate_limit 
[08/14/20, 15:06:40:097] info: [SOCKET-MANAGER] (TSEDTE2H0) will stay in wait_for_rate_limit state for up to 120000 ms 
[08/14/20, 15:06:40:098] info: [SOCKET-MANAGER] (TSEDTE2H0) backing off: will wait for 863 ms 
[08/14/20, 15:06:40:587] info: [NETWORK-CONNECTIVITY] Received offline event! Upserting that the client is offline. 
[08/14/20, 15:06:40:857] info: [SOCKET-MANAGER] (T03S8TX18) Changing from wait_for_rate_limit to wait_for_connectivity 
[08/14/20, 15:06:40:857] info: [SOCKET-MANAGER] (T03S8TX18) will stay in wait_for_connectivity state for up to 300000 ms 
[08/14/20, 15:06:40:962] info: [SOCKET-MANAGER] (TSEDTE2H0) Changing from wait_for_rate_limit to wait_for_connectivity 
[08/14/20, 15:06:40:962] info: [SOCKET-MANAGER] (TSEDTE2H0) will stay in wait_for_connectivity state for up to 300000 ms 
[08/14/20, 15:06:41:265] info: [SOCKET-MANAGER] (TCZ97144A) Changing from wait_for_rate_limit to wait_for_connectivity 
[08/14/20, 15:06:41:265] info: [SOCKET-MANAGER] (TCZ97144A) will stay in wait_for_connectivity state for up to 300000 ms 
[08/14/20, 15:06:43:995] warn: SLACK-SOCKET Tried to send ping. but our socket is closed; readyState = 2 
[08/14/20, 15:06:44:444] warn: SLACK-SOCKET Tried to send ping. but our socket is closed; readyState = 2 
[08/14/20, 15:06:45:667] warn: SLACK-SOCKET Tried to send ping. but our socket is closed; readyState = 2 
[08/14/20, 15:06:46:584] warn: SLACK-SOCKET Tried to send ping. but our socket is closed; readyState = 2 
[08/14/20, 15:06:47:312] warn: SLACK-SOCKET Tried to send ping. but our socket is closed; readyState = 2 
[08/14/20, 15:06:52:548] info: NetworkStatus: Network check failed {
  "error": {}
} 
[08/14/20, 15:06:52:548] info: Network status check {
  "elapsed_time_ms": 11961,
  "navigator_online": false,
  "api_test": "offline"
} 
[08/14/20, 15:06:53:994] warn: SLACK-SOCKET Tried to send ping. but our socket is closed; readyState = 2 
[08/14/20, 15:06:54:444] warn: SLACK-SOCKET Tried to send ping. but our socket is closed; readyState = 2 
[08/14/20, 15:06:55:649] info: [NETWORK-CONNECTIVITY] Failed to establish a connection after 3 attempt(s); Retrying in 1000ms. 
[08/14/20, 15:06:55:666] warn: SLACK-SOCKET Tried to send ping. but our socket is closed; readyState = 2 
[08/14/20, 15:06:56:584] warn: SLACK-SOCKET Tried to send ping. but our socket is closed; readyState = 2 
[08/14/20, 15:06:56:649] info: [NETWORK-CONNECTIVITY] Failed to establish a connection after 4 attempt(s); Retrying in 1000ms. 
[08/14/20, 15:06:57:312] warn: SLACK-SOCKET Tried to send ping. but our socket is closed; readyState = 2 
[08/14/20, 15:06:57:650] info: [NETWORK-CONNECTIVITY] Failed to establish a connection after 5 attempt(s); Retrying in 1000ms. 
[08/14/20, 15:06:58:650] info: [NETWORK-CONNECTIVITY] Failed to establish a connection after 6 attempt(s); Retrying in 1000ms. 
[08/14/20, 15:06:59:674] info: [NETWORK-CONNECTIVITY] Failed to establish a connection after 7 attempt(s); Retrying in 1000ms. 
[08/14/20, 15:07:00:675] info: [NETWORK-CONNECTIVITY] Failed to establish a connection after 8 attempt(s); Retrying in 1000ms. 
[08/14/20, 15:07:01:675] info: [NETWORK-CONNECTIVITY] Failed to establish a connection after 9 attempt(s); Retrying in 1000ms. 
[08/14/20, 15:07:02:676] info: [NETWORK-CONNECTIVITY] Failed to establish a connection after 10 attempt(s). 
[08/14/20, 15:07:03:994] warn: SLACK-SOCKET Tried to send ping. but our socket is closed; readyState = 2 
[08/14/20, 15:07:04:444] warn: SLACK-SOCKET Tried to send ping. but our socket is closed; readyState = 2 
[08/14/20, 15:07:04:523] info: [NETWORK-CONNECTIVITY] Received online event! Upserting that the client is online. 
[08/14/20, 15:07:05:025] info: NetworkStatus: Network check failed {
  "error": {}
} 
[08/14/20, 15:07:05:025] info: Network status check {
  "elapsed_time_ms": 2,
  "navigator_online": true,
  "api_test": "offline"
} 
[08/14/20, 15:07:05:667] warn: SLACK-SOCKET Tried to send ping. but our socket is closed; readyState = 2 
[08/14/20, 15:07:06:584] warn: SLACK-SOCKET Tried to send ping. but our socket is closed; readyState = 2 
[08/14/20, 15:07:07:312] warn: SLACK-SOCKET Tried to send ping. but our socket is closed; readyState = 2 
[08/14/20, 15:07:13:995] warn: SLACK-SOCKET Tried to send ping. but our socket is closed; readyState = 2 
[08/14/20, 15:07:14:444] warn: SLACK-SOCKET Tried to send ping. but our socket is closed; readyState = 2 
[08/14/20, 15:07:15:667] warn: SLACK-SOCKET Tried to send ping. but our socket is closed; readyState = 2 
[08/14/20, 15:07:16:584] warn: SLACK-SOCKET Tried to send ping. but our socket is closed; readyState = 2 
[08/14/20, 15:07:17:312] warn: SLACK-SOCKET Tried to send ping. but our socket is closed; readyState = 2 
[08/14/20, 15:07:32:158] info: [NETWORK-CONNECTIVITY] Successfully fetched resources from the CDN. We’re online! 
[08/14/20, 15:07:32:159] info: [API-Q] (TCZ97144A) Unpausing queue, back online 
[08/14/20, 15:07:32:159] info: [API-Q] (T03HMPJ8R) Unpausing queue, back online 
[08/14/20, 15:07:32:159] info: [API-Q] (T03S8TX18) Unpausing queue, back online 
[08/14/20, 15:07:32:159] info: [API-Q] (TPFGVDSR1) Unpausing queue, back online 
[08/14/20, 15:07:32:159] info: [API-Q] (TFKDG2MCK) Unpausing queue, back online 
[08/14/20, 15:07:32:159] info: [API-Q] (TSEDTE2H0) Unpausing queue, back online 
[08/14/20, 15:07:32:160] info: [SOCKET-MANAGER] (TPFGVDSR1) Changing from wait_for_connectivity to connect 
[08/14/20, 15:07:32:160] info: [SOCKET-MANAGER] (TPFGVDSR1) will stay in connect state for up to 10000 ms 
[08/14/20, 15:07:32:161] info: [SOCKET-MANAGER] (TPFGVDSR1) Changing from connect to checking_fast_reconnect 
[08/14/20, 15:07:32:161] info: [SOCKET-MANAGER] (TPFGVDSR1) will stay in checking_fast_reconnect state for up to 60000 ms 
[08/14/20, 15:07:32:161] info: [SOCKET-MANAGER] (TPFGVDSR1) Attempting to connect to primary region 
[08/14/20, 15:07:32:161] info: [SOCKET-MANAGER] (TPFGVDSR1) Changing from checking_fast_reconnect to fast_reconnecting 
[08/14/20, 15:07:32:161] info: [SOCKET-MANAGER] (TPFGVDSR1) will stay in fast_reconnecting state for up to 20000 ms 
[08/14/20, 15:07:32:162] info: [SOCKET-MANAGER] (TFKDG2MCK) Changing from wait_for_connectivity to connect 
[08/14/20, 15:07:32:163] info: [SOCKET-MANAGER] (TFKDG2MCK) will stay in connect state for up to 10000 ms 
[08/14/20, 15:07:32:164] info: [SOCKET-MANAGER] (TFKDG2MCK) Changing from connect to checking_fast_reconnect 
[08/14/20, 15:07:32:164] info: [SOCKET-MANAGER] (TFKDG2MCK) will stay in checking_fast_reconnect state for up to 60000 ms 
[08/14/20, 15:07:32:164] info: [SOCKET-MANAGER] (TFKDG2MCK) Attempting to connect to primary region 
[08/14/20, 15:07:32:165] info: [SOCKET-MANAGER] (TFKDG2MCK) Changing from checking_fast_reconnect to fast_reconnecting 
[08/14/20, 15:07:32:165] info: [SOCKET-MANAGER] (TFKDG2MCK) will stay in fast_reconnecting state for up to 20000 ms 
[08/14/20, 15:07:32:166] info: [SOCKET-MANAGER] (T03HMPJ8R) Changing from wait_for_connectivity to connect 
[08/14/20, 15:07:32:166] info: [SOCKET-MANAGER] (T03HMPJ8R) will stay in connect state for up to 10000 ms 
[08/14/20, 15:07:32:168] info: [SOCKET-MANAGER] (T03HMPJ8R) Changing from connect to checking_fast_reconnect 
[08/14/20, 15:07:32:169] info: [SOCKET-MANAGER] (T03HMPJ8R) will stay in checking_fast_reconnect state for up to 60000 ms 
[08/14/20, 15:07:32:169] info: [SOCKET-MANAGER] (T03HMPJ8R) Attempting to connect to primary region 
[08/14/20, 15:07:32:169] info: [SOCKET-MANAGER] (T03HMPJ8R) Changing from checking_fast_reconnect to fast_reconnecting 
[08/14/20, 15:07:32:170] info: [SOCKET-MANAGER] (T03HMPJ8R) will stay in fast_reconnecting state for up to 20000 ms 
[08/14/20, 15:07:32:171] info: [SOCKET-MANAGER] (T03S8TX18) Changing from wait_for_connectivity to connect 
[08/14/20, 15:07:32:171] info: [SOCKET-MANAGER] (T03S8TX18) will stay in connect state for up to 10000 ms 
[08/14/20, 15:07:32:175] info: [SOCKET-MANAGER] (T03S8TX18) Changing from connect to checking_fast_reconnect 
[08/14/20, 15:07:32:176] info: [SOCKET-MANAGER] (T03S8TX18) will stay in checking_fast_reconnect state for up to 60000 ms 
[08/14/20, 15:07:32:177] info: [SOCKET-MANAGER] (T03S8TX18) Attempting to connect to primary region 
[08/14/20, 15:07:32:177] info: [SOCKET-MANAGER] (T03S8TX18) Changing from checking_fast_reconnect to fast_reconnecting 
[08/14/20, 15:07:32:177] info: [SOCKET-MANAGER] (T03S8TX18) will stay in fast_reconnecting state for up to 20000 ms 
[08/14/20, 15:07:32:177] info: [SOCKET-MANAGER] (TSEDTE2H0) Changing from wait_for_connectivity to connect 
[08/14/20, 15:07:32:177] info: [SOCKET-MANAGER] (TSEDTE2H0) will stay in connect state for up to 10000 ms 
[08/14/20, 15:07:32:179] info: [SOCKET-MANAGER] (TSEDTE2H0) Changing from connect to checking_fast_reconnect 
[08/14/20, 15:07:32:179] info: [SOCKET-MANAGER] (TSEDTE2H0) will stay in checking_fast_reconnect state for up to 60000 ms 
[08/14/20, 15:07:32:180] info: [SOCKET-MANAGER] (TSEDTE2H0) Attempting to connect to primary region 
[08/14/20, 15:07:32:180] info: [SOCKET-MANAGER] (TSEDTE2H0) Changing from checking_fast_reconnect to fast_reconnecting 
[08/14/20, 15:07:32:180] info: [SOCKET-MANAGER] (TSEDTE2H0) will stay in fast_reconnecting state for up to 20000 ms 
[08/14/20, 15:07:32:182] info: [SOCKET-MANAGER] (TCZ97144A) Changing from wait_for_connectivity to connect 
[08/14/20, 15:07:32:182] info: [SOCKET-MANAGER] (TCZ97144A) will stay in connect state for up to 10000 ms 
[08/14/20, 15:07:32:187] info: [SOCKET-MANAGER] (TCZ97144A) Changing from connect to checking_fast_reconnect 
[08/14/20, 15:07:32:187] info: [SOCKET-MANAGER] (TCZ97144A) will stay in checking_fast_reconnect state for up to 60000 ms 
[08/14/20, 15:07:32:187] info: [SOCKET-MANAGER] (TCZ97144A) Attempting to connect to primary region 
[08/14/20, 15:07:32:187] info: [SOCKET-MANAGER] (TCZ97144A) Changing from checking_fast_reconnect to fast_reconnecting 
[08/14/20, 15:07:32:187] info: [SOCKET-MANAGER] (TCZ97144A) will stay in fast_reconnecting state for up to 20000 ms 
[08/14/20, 15:07:45:211] info: [SOCKET-MANAGER] (TPFGVDSR1) Changing from fast_reconnecting to connected 
[08/14/20, 15:07:45:211] info: [SOCKET-MANAGER] (TPFGVDSR1) will stay in connected state for up to Infinity ms 
[08/14/20, 15:07:45:212] info: [SOCKET-MANAGER] (TPFGVDSR1) Connected to primary region 
[08/14/20, 15:07:45:237] info: [EVENTLOG] (TPFGVDSR1) fr=true, lc=false, lt=1597410388.639000 
[08/14/20, 15:07:45:684] info: [SOCKET-MANAGER] (TFKDG2MCK) Changing from fast_reconnecting to connected 
[08/14/20, 15:07:45:684] info: [SOCKET-MANAGER] (TFKDG2MCK) will stay in connected state for up to Infinity ms 
[08/14/20, 15:07:45:686] info: [SOCKET-MANAGER] (TFKDG2MCK) Connected to primary region 
[08/14/20, 15:07:45:688] info: [EVENTLOG] (TFKDG2MCK) fr=true, lc=false, lt=1597410385.470000 
[08/14/20, 15:07:46:369] info: [SOCKET-MANAGER] (T03HMPJ8R) Changing from fast_reconnecting to connected 
[08/14/20, 15:07:46:370] info: [SOCKET-MANAGER] (T03HMPJ8R) will stay in connected state for up to Infinity ms 
[08/14/20, 15:07:46:371] info: [SOCKET-MANAGER] (T03HMPJ8R) Connected to primary region 
[08/14/20, 15:07:46:373] info: [EVENTLOG] (T03HMPJ8R) fr=true, lc=false, lt=1597410387.299000 
[08/14/20, 15:07:46:761] info: [SOCKET-MANAGER] (T03S8TX18) Changing from fast_reconnecting to connected 
[08/14/20, 15:07:46:762] info: [SOCKET-MANAGER] (T03S8TX18) will stay in connected state for up to Infinity ms 
[08/14/20, 15:07:46:763] info: [SOCKET-MANAGER] (T03S8TX18) Connected to primary region 
[08/14/20, 15:07:46:766] info: [EVENTLOG] (T03S8TX18) fr=true, lc=false, lt=1597410386.047000 
[08/14/20, 15:07:46:981] info: [SOCKET-MANAGER] (TSEDTE2H0) Changing from fast_reconnecting to connected 
[08/14/20, 15:07:46:981] info: [SOCKET-MANAGER] (TSEDTE2H0) will stay in connected state for up to Infinity ms 
[08/14/20, 15:07:46:986] info: [SOCKET-MANAGER] (TSEDTE2H0) Connected to primary region 
[08/14/20, 15:07:46:992] info: [EVENTLOG] (TSEDTE2H0) fr=true, lc=false, lt=1597410385.062000 
[08/14/20, 15:07:47:607] info: [SOCKET-MANAGER] (TCZ97144A) Changing from fast_reconnecting to connected 
[08/14/20, 15:07:47:608] info: [SOCKET-MANAGER] (TCZ97144A) will stay in connected state for up to Infinity ms 
[08/14/20, 15:07:47:610] info: [SOCKET-MANAGER] (TCZ97144A) Connected to primary region 
[08/14/20, 15:07:47:613] info: [EVENTLOG] (TCZ97144A) fr=true, lc=false, lt=1597410388.279000 
[08/14/20, 15:07:51:713] info: [MIN-VERSION] Checking to see if we should reload 
[08/14/20, 15:07:51:717] info: [API-Q] (T03S8TX18) 00af2c42-1597410471.715 client.shouldReload called with reason: no_reason_provided 
[08/14/20, 15:07:51:717] info: [API-Q] (T03S8TX18) 00af2c42-1597410471.715 client.shouldReload is ENQUEUED 
[08/14/20, 15:07:51:718] info: [API-Q] (T03S8TX18) 00af2c42-1597410471.715 client.shouldReload is ACTIVE 
[08/14/20, 15:07:53:153] info: [API-Q] (T03S8TX18) 00af2c42-1597410471.715 client.shouldReload is RESOLVED 
[08/14/20, 15:07:53:154] info: [MIN-VERSION] No need to reload 
[08/14/20, 15:07:55:300] info: [SOCKET-MANAGER] (TPFGVDSR1) got offline event; moving to DISCONNECT as needed 
[08/14/20, 15:07:55:304] info: [SOCKET-MANAGER] (TPFGVDSR1) Changing from connected to disconnect 
[08/14/20, 15:07:55:306] info: [SOCKET-MANAGER] (TPFGVDSR1) will stay in disconnect state for up to 10000 ms 
[08/14/20, 15:07:55:307] info: [SOCKET-MANAGER] (TPFGVDSR1) Changing from disconnect to disconnecting 
[08/14/20, 15:07:55:307] info: [SOCKET-MANAGER] (TPFGVDSR1) will stay in disconnecting state for up to 10000 ms 
[08/14/20, 15:07:55:308] info: [SOCKET-MANAGER] (TPFGVDSR1) Closing socket because #4100: disconnect requested 
[08/14/20, 15:07:55:309] info: [SOCKET-MANAGER] (TPFGVDSR1) Changing from disconnecting to disconnected 
[08/14/20, 15:07:55:309] info: [SOCKET-MANAGER] (TPFGVDSR1) will stay in disconnected state for up to 10000 ms 
[08/14/20, 15:07:55:309] info: [SOCKET-MANAGER] (TPFGVDSR1) Disconnected! Online? true 
[08/14/20, 15:07:55:310] info: [SOCKET-MANAGER] (TPFGVDSR1) Changing from disconnected to wait_for_rate_limit 
[08/14/20, 15:07:55:310] info: [SOCKET-MANAGER] (TPFGVDSR1) will stay in wait_for_rate_limit state for up to 120000 ms 
[08/14/20, 15:07:55:310] info: [SOCKET-MANAGER] (TPFGVDSR1) backing off: will wait for 748 ms 
[08/14/20, 15:07:55:341] info: [SOCKET-MANAGER] (TCZ97144A) got offline event; moving to DISCONNECT as needed 
[08/14/20, 15:07:55:341] info: [SOCKET-MANAGER] (TCZ97144A) Changing from connected to disconnect 
[08/14/20, 15:07:55:343] info: [SOCKET-MANAGER] (TCZ97144A) will stay in disconnect state for up to 10000 ms 
[08/14/20, 15:07:55:343] info: [SOCKET-MANAGER] (TCZ97144A) Changing from disconnect to disconnecting 
[08/14/20, 15:07:55:343] info: [SOCKET-MANAGER] (TCZ97144A) will stay in disconnecting state for up to 10000 ms 
[08/14/20, 15:07:55:344] info: [SOCKET-MANAGER] (TCZ97144A) Closing socket because #4100: disconnect requested 
[08/14/20, 15:07:55:344] info: [SOCKET-MANAGER] (TCZ97144A) Changing from disconnecting to disconnected 
[08/14/20, 15:07:55:344] info: [SOCKET-MANAGER] (TCZ97144A) will stay in disconnected state for up to 10000 ms 
[08/14/20, 15:07:55:345] info: [SOCKET-MANAGER] (TCZ97144A) Disconnected! Online? true 
[08/14/20, 15:07:55:345] info: [SOCKET-MANAGER] (TCZ97144A) Changing from disconnected to wait_for_rate_limit 
[08/14/20, 15:07:55:345] info: [SOCKET-MANAGER] (TCZ97144A) will stay in wait_for_rate_limit state for up to 120000 ms 
[08/14/20, 15:07:55:345] info: [SOCKET-MANAGER] (TCZ97144A) backing off: will wait for 744 ms 
[08/14/20, 15:07:55:346] info: [SOCKET-MANAGER] (TFKDG2MCK) got offline event; moving to DISCONNECT as needed 
[08/14/20, 15:07:55:346] info: [SOCKET-MANAGER] (TFKDG2MCK) Changing from connected to disconnect 
[08/14/20, 15:07:55:347] info: [SOCKET-MANAGER] (TFKDG2MCK) will stay in disconnect state for up to 10000 ms 
[08/14/20, 15:07:55:348] info: [SOCKET-MANAGER] (TFKDG2MCK) Changing from disconnect to disconnecting 
[08/14/20, 15:07:55:348] info: [SOCKET-MANAGER] (TFKDG2MCK) will stay in disconnecting state for up to 10000 ms 
[08/14/20, 15:07:55:349] info: [SOCKET-MANAGER] (TFKDG2MCK) Closing socket because #4100: disconnect requested 
[08/14/20, 15:07:55:349] info: [SOCKET-MANAGER] (TFKDG2MCK) Changing from disconnecting to disconnected 
[08/14/20, 15:07:55:349] info: [SOCKET-MANAGER] (TFKDG2MCK) will stay in disconnected state for up to 10000 ms 
[08/14/20, 15:07:55:350] info: [SOCKET-MANAGER] (TFKDG2MCK) Disconnected! Online? true 
[08/14/20, 15:07:55:350] info: [SOCKET-MANAGER] (TFKDG2MCK) Changing from disconnected to wait_for_rate_limit 
[08/14/20, 15:07:55:350] info: [SOCKET-MANAGER] (TFKDG2MCK) will stay in wait_for_rate_limit state for up to 120000 ms 
[08/14/20, 15:07:55:351] info: [SOCKET-MANAGER] (TFKDG2MCK) backing off: will wait for 837 ms 
[08/14/20, 15:07:55:351] info: [SOCKET-MANAGER] (T03S8TX18) got offline event; moving to DISCONNECT as needed 
[08/14/20, 15:07:55:352] info: [SOCKET-MANAGER] (T03S8TX18) Changing from connected to disconnect 
[08/14/20, 15:07:55:355] info: [SOCKET-MANAGER] (T03S8TX18) will stay in disconnect state for up to 10000 ms 
[08/14/20, 15:07:55:355] info: [SOCKET-MANAGER] (T03S8TX18) Changing from disconnect to disconnecting 
[08/14/20, 15:07:55:355] info: [SOCKET-MANAGER] (T03S8TX18) will stay in disconnecting state for up to 10000 ms 
[08/14/20, 15:07:55:356] info: [SOCKET-MANAGER] (T03S8TX18) Closing socket because #4100: disconnect requested 
[08/14/20, 15:07:55:356] info: [SOCKET-MANAGER] (T03S8TX18) Changing from disconnecting to disconnected 
[08/14/20, 15:07:55:356] info: [SOCKET-MANAGER] (T03S8TX18) will stay in disconnected state for up to 10000 ms 
[08/14/20, 15:07:55:357] info: [SOCKET-MANAGER] (T03S8TX18) Disconnected! Online? true 
[08/14/20, 15:07:55:357] info: [SOCKET-MANAGER] (T03S8TX18) Changing from disconnected to wait_for_rate_limit 
[08/14/20, 15:07:55:357] info: [SOCKET-MANAGER] (T03S8TX18) will stay in wait_for_rate_limit state for up to 120000 ms 
[08/14/20, 15:07:55:358] info: [SOCKET-MANAGER] (T03S8TX18) backing off: will wait for 617 ms 
[08/14/20, 15:07:55:358] info: [SOCKET-MANAGER] (T03HMPJ8R) got offline event; moving to DISCONNECT as needed 
[08/14/20, 15:07:55:358] info: [SOCKET-MANAGER] (T03HMPJ8R) Changing from connected to disconnect 
[08/14/20, 15:07:55:360] info: [SOCKET-MANAGER] (T03HMPJ8R) will stay in disconnect state for up to 10000 ms 
[08/14/20, 15:07:55:361] info: [SOCKET-MANAGER] (T03HMPJ8R) Changing from disconnect to disconnecting 
[08/14/20, 15:07:55:361] info: [SOCKET-MANAGER] (T03HMPJ8R) will stay in disconnecting state for up to 10000 ms 
[08/14/20, 15:07:55:362] info: [SOCKET-MANAGER] (T03HMPJ8R) Closing socket because #4100: disconnect requested 
[08/14/20, 15:07:55:362] info: [SOCKET-MANAGER] (T03HMPJ8R) Changing from disconnecting to disconnected 
[08/14/20, 15:07:55:362] info: [SOCKET-MANAGER] (T03HMPJ8R) will stay in disconnected state for up to 10000 ms 
[08/14/20, 15:07:55:362] info: [SOCKET-MANAGER] (T03HMPJ8R) Disconnected! Online? true 
[08/14/20, 15:07:55:363] info: [SOCKET-MANAGER] (T03HMPJ8R) Changing from disconnected to wait_for_rate_limit 
[08/14/20, 15:07:55:363] info: [SOCKET-MANAGER] (T03HMPJ8R) will stay in wait_for_rate_limit state for up to 120000 ms 
[08/14/20, 15:07:55:363] info: [SOCKET-MANAGER] (T03HMPJ8R) backing off: will wait for 69 ms 
[08/14/20, 15:07:55:364] info: [SOCKET-MANAGER] (TSEDTE2H0) got offline event; moving to DISCONNECT as needed 
[08/14/20, 15:07:55:364] info: [SOCKET-MANAGER] (TSEDTE2H0) Changing from connected to disconnect 
[08/14/20, 15:07:55:366] info: [SOCKET-MANAGER] (TSEDTE2H0) will stay in disconnect state for up to 10000 ms 
[08/14/20, 15:07:55:366] info: [SOCKET-MANAGER] (TSEDTE2H0) Changing from disconnect to disconnecting 
[08/14/20, 15:07:55:367] info: [SOCKET-MANAGER] (TSEDTE2H0) will stay in disconnecting state for up to 10000 ms 
[08/14/20, 15:07:55:367] info: [SOCKET-MANAGER] (TSEDTE2H0) Closing socket because #4100: disconnect requested 
[08/14/20, 15:07:55:367] info: [SOCKET-MANAGER] (TSEDTE2H0) Changing from disconnecting to disconnected 
[08/14/20, 15:07:55:368] info: [SOCKET-MANAGER] (TSEDTE2H0) will stay in disconnected state for up to 10000 ms 
[08/14/20, 15:07:55:368] info: [SOCKET-MANAGER] (TSEDTE2H0) Disconnected! Online? true 
[08/14/20, 15:07:55:368] info: [SOCKET-MANAGER] (TSEDTE2H0) Changing from disconnected to wait_for_rate_limit 
[08/14/20, 15:07:55:368] info: [SOCKET-MANAGER] (TSEDTE2H0) will stay in wait_for_rate_limit state for up to 120000 ms 
[08/14/20, 15:07:55:369] info: [SOCKET-MANAGER] (TSEDTE2H0) backing off: will wait for 183 ms 
[08/14/20, 15:07:55:466] info: [SOCKET-MANAGER] (T03HMPJ8R) Changing from wait_for_rate_limit to connect 
[08/14/20, 15:07:55:467] info: [SOCKET-MANAGER] (T03HMPJ8R) will stay in connect state for up to 10000 ms 
[08/14/20, 15:07:55:468] info: [SOCKET-MANAGER] (T03HMPJ8R) Changing from connect to checking_fast_reconnect 
[08/14/20, 15:07:55:468] info: [SOCKET-MANAGER] (T03HMPJ8R) will stay in checking_fast_reconnect state for up to 60000 ms 
[08/14/20, 15:07:55:469] info: [SOCKET-MANAGER] (T03HMPJ8R) Attempting to connect to primary region 
[08/14/20, 15:07:55:469] info: [SOCKET-MANAGER] (T03HMPJ8R) Changing from checking_fast_reconnect to fast_reconnecting 
[08/14/20, 15:07:55:470] info: [SOCKET-MANAGER] (T03HMPJ8R) will stay in fast_reconnecting state for up to 20000 ms 
[08/14/20, 15:07:55:552] info: [SOCKET-MANAGER] (TSEDTE2H0) Changing from wait_for_rate_limit to connect 
[08/14/20, 15:07:55:553] info: [SOCKET-MANAGER] (TSEDTE2H0) will stay in connect state for up to 10000 ms 
[08/14/20, 15:07:55:554] info: [SOCKET-MANAGER] (TSEDTE2H0) Changing from connect to checking_fast_reconnect 
[08/14/20, 15:07:55:554] info: [SOCKET-MANAGER] (TSEDTE2H0) will stay in checking_fast_reconnect state for up to 60000 ms 
[08/14/20, 15:07:55:554] info: [SOCKET-MANAGER] (TSEDTE2H0) Attempting to connect to primary region 
[08/14/20, 15:07:55:554] info: [SOCKET-MANAGER] (TSEDTE2H0) Changing from checking_fast_reconnect to fast_reconnecting 
[08/14/20, 15:07:55:554] info: [SOCKET-MANAGER] (TSEDTE2H0) will stay in fast_reconnecting state for up to 20000 ms 
[08/14/20, 15:07:55:640] warn: SLACK-SOCKET Tried to send ping. but our socket is closed; readyState = 2 
[08/14/20, 15:07:55:842] info: [NETWORK-CONNECTIVITY] Received offline event! Upserting that the client is offline. 
[08/14/20, 15:07:56:029] info: [SOCKET-MANAGER] (T03S8TX18) Changing from wait_for_rate_limit to wait_for_connectivity 
[08/14/20, 15:07:56:029] info: [SOCKET-MANAGER] (T03S8TX18) will stay in wait_for_connectivity state for up to 300000 ms 
[08/14/20, 15:07:56:031] info: [NETWORK-CONNECTIVITY] Failed to establish a connection after 1 attempt(s); Retrying in 1000ms. 
[08/14/20, 15:07:56:138] info: [SOCKET-MANAGER] (TPFGVDSR1) Changing from wait_for_rate_limit to wait_for_connectivity 
[08/14/20, 15:07:56:138] info: [SOCKET-MANAGER] (TPFGVDSR1) will stay in wait_for_connectivity state for up to 300000 ms 
[08/14/20, 15:07:56:140] info: [SOCKET-MANAGER] (TCZ97144A) Changing from wait_for_rate_limit to wait_for_connectivity 
[08/14/20, 15:07:56:140] info: [SOCKET-MANAGER] (TCZ97144A) will stay in wait_for_connectivity state for up to 300000 ms 
[08/14/20, 15:07:56:156] info: [API-Q] (T03S8TX18) Pausing queue because client is offline 
[08/14/20, 15:07:56:177] info: [API-Q] (TCZ97144A) Pausing queue because client is offline 
[08/14/20, 15:07:56:177] info: [API-Q] (T03HMPJ8R) Pausing queue because client is offline 
[08/14/20, 15:07:56:177] info: [API-Q] (TPFGVDSR1) Pausing queue because client is offline 
[08/14/20, 15:07:56:177] info: [API-Q] (TFKDG2MCK) Pausing queue because client is offline 
[08/14/20, 15:07:56:177] info: [API-Q] (TSEDTE2H0) Pausing queue because client is offline 
[08/14/20, 15:07:56:188] info: [SOCKET-MANAGER] (TFKDG2MCK) Changing from wait_for_rate_limit to wait_for_connectivity 
[08/14/20, 15:07:56:188] info: [SOCKET-MANAGER] (TFKDG2MCK) will stay in wait_for_connectivity state for up to 300000 ms 
[08/14/20, 15:07:56:367] warn: SLACK-SOCKET Tried to send ping. but our socket is closed; readyState = 2 
[08/14/20, 15:07:56:757] warn: SLACK-SOCKET Tried to send ping. but our socket is closed; readyState = 2 
[08/14/20, 15:07:56:973] warn: SLACK-SOCKET Tried to send ping. but our socket is closed; readyState = 2 
[08/14/20, 15:07:57:032] info: [NETWORK-CONNECTIVITY] Failed to establish a connection after 2 attempt(s); Retrying in 1000ms. 
[08/14/20, 15:07:57:582] warn: SLACK-SOCKET Tried to send ping. but our socket is closed; readyState = 2 
[08/14/20, 15:07:58:032] info: [NETWORK-CONNECTIVITY] Failed to establish a connection after 3 attempt(s); Retrying in 1000ms. 
[08/14/20, 15:07:58:333] error: WebSocket connection to 'wss://wss-primary.slack.com/?dp=1&flannel=3&frt=Hf-FAwEBA2ZydAH_hgABAgEBUAEKAAEBUwEKAAAA_gMR_4YB_gLoNf-BAwEBA2ZycAH_ggABBQECUnUBDAABAlRpAQwAAQJFaQEMAAECVWkBDAABAk10Af-EAAAAEP-DBQEBBFRpbWUB_4QAAAD-Ap7_ggH-AnB3c3M6Ly9jZXJiZXJ1cy0zbmM1LmxiLnNsYWNrLW1zZ3MuY29tL3dlYnNvY2tldC9jc1gzV3pKUWhuV0hMdFpEWU9GMEpTblFfZTJUd3VabzRKRGNiNEVxT1ZiRlpaZ01jMlNsdnBZMDMtaGhjNjJCS3J2cG44Uy1tNGxXaGpTTWFId29KemJWeHd5cE04czI2UXFWSVlYNDF4dGlCNkdnSVVnTFFGdUpxLW9CSTJnS21oZ1FuNnVyYVZES0d3Z1VsR0ZvV0hqXzhwcjloSWZueUhrNG02N3lZV2dHVmpkUERHRFo...G5rTnJWYlRIX3pTbmVrNXVSQk9iLUtZcGIzV1R4ZHU3WUFXblFEa2ZadXpUNDIzQnhQOGdpM25EWG1ybTU5ODNVcElsN0c1LUZXRmRPb3JtNk1FdXEtUDVmQkptMEdsU2h5M2FvVjc4Uk8zdTlwbVo5N19IcWRMRDhsLW10dl9mZ1M0Qzd3RWhYTUJ1VXJZRVNienVkQjJJVWZ1U2ZDYlRLMnN4RjABCVQwM0hNUEo4UgIJVU4wMzVMN1RRAQ8BAAAADtbIg6EsrnrB_lwAASBxW0f8ikrnlnutDNu-mC-p3Gua1jCUYsLo-pYnvgl2WAA&no_query_on_subscribe=1&slack_client=desktop&sync_desync=1&token=[REDACTED]&lazy_channels=1' failed: Error in connection establishment: net::ERR_INTERNET_DISCONNECTED 
[08/14/20, 15:07:58:333] warn: SOCKET-MANAGER (T03HMPJ8R) Socket was closed because #1006: generic error 
[08/14/20, 15:07:58:336] info: [SOCKET-MANAGER] (T03HMPJ8R) Changing from fast_reconnecting to error 
[08/14/20, 15:07:58:336] info: [SOCKET-MANAGER] (T03HMPJ8R) will stay in error state for up to 10000 ms 
[08/14/20, 15:07:58:337] info: [SOCKET-MANAGER] (T03HMPJ8R) Changing from error to wait_for_rate_limit 
[08/14/20, 15:07:58:337] info: [SOCKET-MANAGER] (T03HMPJ8R) will stay in wait_for_rate_limit state for up to 120000 ms 
[08/14/20, 15:07:58:338] info: [SOCKET-MANAGER] (T03HMPJ8R) backing off: will wait for 527 ms 
[08/14/20, 15:07:58:865] info: [SOCKET-MANAGER] (T03HMPJ8R) Changing from wait_for_rate_limit to wait_for_connectivity 
[08/14/20, 15:07:58:865] info: [SOCKET-MANAGER] (T03HMPJ8R) will stay in wait_for_connectivity state for up to 300000 ms 
[08/14/20, 15:07:59:033] info: [NETWORK-CONNECTIVITY] Failed to establish a connection after 4 attempt(s); Retrying in 1000ms. 
[08/14/20, 15:08:00:034] info: [NETWORK-CONNECTIVITY] Failed to establish a connection after 5 attempt(s); Retrying in 1000ms. 
[08/14/20, 15:08:01:034] info: [NETWORK-CONNECTIVITY] Failed to establish a connection after 6 attempt(s); Retrying in 1000ms. 
[08/14/20, 15:08:01:372] error: WebSocket connection to 'wss://wss-primary.slack.com/?dp=1&flannel=3&frt=Hf-FAwEBA2ZydAH_hgABAgEBUAEKAAEBUwEKAAAA_gMR_4YB_gLoNf-BAwEBA2ZycAH_ggABBQECUnUBDAABAlRpAQwAAQJFaQEMAAECVWkBDAABAk10Af-EAAAAEP-DBQEBBFRpbWUB_4QAAAD-Ap7_ggH-AnB3c3M6Ly9jZXJiZXJ1cy1nbHdpLmxiLnNsYWNrLW1zZ3MuY29tL3dlYnNvY2tldC8zU0xKenl0ZU5lampBRGdDY08xaHNGY00tMXFKYlNMemZEeUJVNjI5S3pKRGlnSXlVR1M3NE5zeGtNWGFuSWUwbmVqa3lnYk9Yb29SZGhuWkxTYWZrSnF4MnZyN0ttVEIzRE5XMnFkV0JyY0M0RlZkWVN3bnJkT20zd00zeVhvNl81dm1DRnI3cHJoZkltSlhaNEliTHkwcmJTQ0RHTlo2RzRHdWw0UElETm9SZzN0RFdlTnZ...PZl96V2ZiLTNtLVpGWjBiNV91TXJaZENpZkdUODQ2cndzbWhfRGU1VjBzZG5jYTRta2kyY1V2QU1lV3BQR2lqQ1I5Y2Z4b2xlTV9MbEZMQno0SHZxRUQ2TnZqbXZmSmN1OWdEbkprczVtM1VoeTZNSDBXNktfMzMza3M0ZUI0QVRIaFNoOTJHbFJOcTB6UUliWFl5YUlKNllZVWlIYy1PYURaZkUBCVRTRURURTJIMAIJVVNWM0I2ODMxAQ8BAAAADtbIg6IZfHn-_lwAASDKxj2OW37Yakqx2LSKjDBEj6JC2OdcDi178TaqlWOnjwA&no_query_on_subscribe=1&slack_client=desktop&sync_desync=1&token=[REDACTED]&lazy_channels=1' failed: Error in connection establishment: net::ERR_INTERNET_DISCONNECTED 
[08/14/20, 15:08:01:372] warn: SOCKET-MANAGER (TSEDTE2H0) Socket was closed because #1006: generic error 
[08/14/20, 15:08:01:374] info: [SOCKET-MANAGER] (TSEDTE2H0) Changing from fast_reconnecting to error 
[08/14/20, 15:08:01:374] info: [SOCKET-MANAGER] (TSEDTE2H0) will stay in error state for up to 10000 ms 
[08/14/20, 15:08:01:374] info: [SOCKET-MANAGER] (TSEDTE2H0) Changing from error to wait_for_rate_limit 
[08/14/20, 15:08:01:374] info: [SOCKET-MANAGER] (TSEDTE2H0) will stay in wait_for_rate_limit state for up to 120000 ms 
[08/14/20, 15:08:01:376] info: [SOCKET-MANAGER] (TSEDTE2H0) backing off: will wait for 579 ms 
[08/14/20, 15:08:01:954] info: [SOCKET-MANAGER] (TSEDTE2H0) Changing from wait_for_rate_limit to wait_for_connectivity 
[08/14/20, 15:08:01:955] info: [SOCKET-MANAGER] (TSEDTE2H0) will stay in wait_for_connectivity state for up to 300000 ms 
[08/14/20, 15:08:02:034] info: [NETWORK-CONNECTIVITY] Failed to establish a connection after 7 attempt(s); Retrying in 1000ms. 
[08/14/20, 15:08:03:035] info: [NETWORK-CONNECTIVITY] Failed to establish a connection after 8 attempt(s); Retrying in 1000ms. 
[08/14/20, 15:08:04:035] info: [NETWORK-CONNECTIVITY] Failed to establish a connection after 9 attempt(s); Retrying in 1000ms. 
[08/14/20, 15:08:05:036] info: [NETWORK-CONNECTIVITY] Failed to establish a connection after 10 attempt(s). 
[08/14/20, 15:08:05:200] warn: SLACK-SOCKET Tried to send ping. but our socket is closed; readyState = 2 
[08/14/20, 15:08:05:640] warn: SLACK-SOCKET Tried to send ping. but our socket is closed; readyState = 2 
[08/14/20, 15:08:06:366] warn: SLACK-SOCKET Tried to send ping. but our socket is closed; readyState = 2 
[08/14/20, 15:08:06:757] warn: SLACK-SOCKET Tried to send ping. but our socket is closed; readyState = 2 
[08/14/20, 15:08:06:974] warn: SLACK-SOCKET Tried to send ping. but our socket is closed; readyState = 2 
[08/14/20, 15:08:07:582] warn: SLACK-SOCKET Tried to send ping. but our socket is closed; readyState = 2 
[08/14/20, 15:08:10:492] info: NetworkStatus: Network check failed {
  "error": {}
} 
[08/14/20, 15:08:10:492] info: Network status check {
  "elapsed_time_ms": 14692,
  "navigator_online": false,
  "api_test": "offline"
} 
[08/14/20, 15:08:14:580] info: [NETWORK-CONNECTIVITY] Received online event! Upserting that the client is online. 
[08/14/20, 15:08:15:200] warn: SLACK-SOCKET Tried to send ping. but our socket is closed; readyState = 2 
[08/14/20, 15:08:15:640] warn: SLACK-SOCKET Tried to send ping. but our socket is closed; readyState = 2 
[08/14/20, 15:08:15:902] info: Network status check {
  "elapsed_time_ms": 821,
  "navigator_online": true,
  "api_test": "online"
} 
[08/14/20, 15:08:15:903] info: Store: SET_NETWORK_STATUS online 
[08/14/20, 15:08:16:161] info: [NETWORK-CONNECTIVITY] Successfully fetched resources from the CDN. We’re online! 
[08/14/20, 15:08:16:161] info: [API-Q] (T03S8TX18) Unpausing queue, back online 
[08/14/20, 15:08:16:162] info: [API-Q] (TCZ97144A) Unpausing queue, back online 
[08/14/20, 15:08:16:162] info: [API-Q] (T03HMPJ8R) Unpausing queue, back online 
[08/14/20, 15:08:16:162] info: [API-Q] (TPFGVDSR1) Unpausing queue, back online 
[08/14/20, 15:08:16:162] info: [API-Q] (TFKDG2MCK) Unpausing queue, back online 
[08/14/20, 15:08:16:162] info: [API-Q] (TSEDTE2H0) Unpausing queue, back online 
[08/14/20, 15:08:16:162] info: [SOCKET-MANAGER] (T03S8TX18) Changing from wait_for_connectivity to connect 
[08/14/20, 15:08:16:162] info: [SOCKET-MANAGER] (T03S8TX18) will stay in connect state for up to 10000 ms 
[08/14/20, 15:08:16:164] info: [SOCKET-MANAGER] (T03S8TX18) Changing from connect to checking_fast_reconnect 
[08/14/20, 15:08:16:164] info: [SOCKET-MANAGER] (T03S8TX18) will stay in checking_fast_reconnect state for up to 60000 ms 
[08/14/20, 15:08:16:164] info: [SOCKET-MANAGER] (T03S8TX18) Attempting to connect to primary region 
[08/14/20, 15:08:16:165] info: [SOCKET-MANAGER] (T03S8TX18) Changing from checking_fast_reconnect to fast_reconnecting 
[08/14/20, 15:08:16:165] info: [SOCKET-MANAGER] (T03S8TX18) will stay in fast_reconnecting state for up to 20000 ms 
[08/14/20, 15:08:16:165] info: [SOCKET-MANAGER] (TPFGVDSR1) Changing from wait_for_connectivity to connect 
[08/14/20, 15:08:16:166] info: [SOCKET-MANAGER] (TPFGVDSR1) will stay in connect state for up to 10000 ms 
[08/14/20, 15:08:16:167] info: [SOCKET-MANAGER] (TPFGVDSR1) Changing from connect to checking_fast_reconnect 
[08/14/20, 15:08:16:167] info: [SOCKET-MANAGER] (TPFGVDSR1) will stay in checking_fast_reconnect state for up to 60000 ms 
[08/14/20, 15:08:16:168] info: [SOCKET-MANAGER] (TPFGVDSR1) Attempting to connect to primary region 
[08/14/20, 15:08:16:168] info: [SOCKET-MANAGER] (TPFGVDSR1) Changing from checking_fast_reconnect to fast_reconnecting 
[08/14/20, 15:08:16:168] info: [SOCKET-MANAGER] (TPFGVDSR1) will stay in fast_reconnecting state for up to 20000 ms 
[08/14/20, 15:08:16:169] info: [SOCKET-MANAGER] (TCZ97144A) Changing from wait_for_connectivity to connect 
[08/14/20, 15:08:16:169] info: [SOCKET-MANAGER] (TCZ97144A) will stay in connect state for up to 10000 ms 
[08/14/20, 15:08:16:170] info: [SOCKET-MANAGER] (TCZ97144A) Changing from connect to checking_fast_reconnect 
[08/14/20, 15:08:16:171] info: [SOCKET-MANAGER] (TCZ97144A) will stay in checking_fast_reconnect state for up to 60000 ms 
[08/14/20, 15:08:16:171] info: [SOCKET-MANAGER] (TCZ97144A) Attempting to connect to primary region 
[08/14/20, 15:08:16:171] info: [SOCKET-MANAGER] (TCZ97144A) Changing from checking_fast_reconnect to fast_reconnecting 
[08/14/20, 15:08:16:171] info: [SOCKET-MANAGER] (TCZ97144A) will stay in fast_reconnecting state for up to 20000 ms 
[08/14/20, 15:08:16:173] info: [SOCKET-MANAGER] (TFKDG2MCK) Changing from wait_for_connectivity to connect 
[08/14/20, 15:08:16:173] info: [SOCKET-MANAGER] (TFKDG2MCK) will stay in connect state for up to 10000 ms 
[08/14/20, 15:08:16:174] info: [SOCKET-MANAGER] (TFKDG2MCK) Changing from connect to checking_fast_reconnect 
[08/14/20, 15:08:16:174] info: [SOCKET-MANAGER] (TFKDG2MCK) will stay in checking_fast_reconnect state for up to 60000 ms 
[08/14/20, 15:08:16:175] info: [SOCKET-MANAGER] (TFKDG2MCK) Attempting to connect to primary region 
[08/14/20, 15:08:16:175] info: [SOCKET-MANAGER] (TFKDG2MCK) Changing from checking_fast_reconnect to fast_reconnecting 
[08/14/20, 15:08:16:175] info: [SOCKET-MANAGER] (TFKDG2MCK) will stay in fast_reconnecting state for up to 20000 ms 
[08/14/20, 15:08:16:175] info: [SOCKET-MANAGER] (T03HMPJ8R) Changing from wait_for_connectivity to connect 
[08/14/20, 15:08:16:176] info: [SOCKET-MANAGER] (T03HMPJ8R) will stay in connect state for up to 10000 ms 
[08/14/20, 15:08:16:176] info: [SOCKET-MANAGER] (T03HMPJ8R) Changing from connect to checking_fast_reconnect 
[08/14/20, 15:08:16:177] info: [SOCKET-MANAGER] (T03HMPJ8R) will stay in checking_fast_reconnect state for up to 60000 ms 
[08/14/20, 15:08:16:177] info: [SOCKET-MANAGER] (T03HMPJ8R) Attempting to connect to primary region 
[08/14/20, 15:08:16:177] info: [SOCKET-MANAGER] (T03HMPJ8R) Changing from checking_fast_reconnect to fast_reconnecting 
[08/14/20, 15:08:16:177] info: [SOCKET-MANAGER] (T03HMPJ8R) will stay in fast_reconnecting state for up to 20000 ms 
[08/14/20, 15:08:16:178] info: [SOCKET-MANAGER] (TSEDTE2H0) Changing from wait_for_connectivity to connect 
[08/14/20, 15:08:16:178] info: [SOCKET-MANAGER] (TSEDTE2H0) will stay in connect state for up to 10000 ms 
[08/14/20, 15:08:16:179] info: [SOCKET-MANAGER] (TSEDTE2H0) Changing from connect to checking_fast_reconnect 
[08/14/20, 15:08:16:180] info: [SOCKET-MANAGER] (TSEDTE2H0) will stay in checking_fast_reconnect state for up to 60000 ms 
[08/14/20, 15:08:16:180] info: [SOCKET-MANAGER] (TSEDTE2H0) Attempting to connect to primary region 
[08/14/20, 15:08:16:180] info: [SOCKET-MANAGER] (TSEDTE2H0) Changing from checking_fast_reconnect to fast_reconnecting 
[08/14/20, 15:08:16:180] info: [SOCKET-MANAGER] (TSEDTE2H0) will stay in fast_reconnecting state for up to 20000 ms 
[08/14/20, 15:08:16:354] info: [SOCKET-MANAGER] (T03S8TX18) Changing from fast_reconnecting to connected 
[08/14/20, 15:08:16:354] info: [SOCKET-MANAGER] (T03S8TX18) will stay in connected state for up to Infinity ms 
[08/14/20, 15:08:16:356] info: [SOCKET-MANAGER] (T03S8TX18) Connected to primary region 
[08/14/20, 15:08:16:358] info: [EVENTLOG] (T03S8TX18) fr=true, lc=false, lt=1597410386.047000 
[08/14/20, 15:08:16:449] warn: SLACK-SOCKET Tried to send ping. but our socket is closed; readyState = 2 
[08/14/20, 15:08:16:524] info: [SOCKET-MANAGER] (TPFGVDSR1) Changing from fast_reconnecting to connected 
[08/14/20, 15:08:16:524] info: [SOCKET-MANAGER] (TPFGVDSR1) will stay in connected state for up to Infinity ms 
[08/14/20, 15:08:16:525] info: [SOCKET-MANAGER] (TPFGVDSR1) Connected to primary region 
[08/14/20, 15:08:16:526] info: [EVENTLOG] (TPFGVDSR1) fr=true, lc=false, lt=1597410388.639000 
[08/14/20, 15:08:16:687] info: [SOCKET-MANAGER] (TCZ97144A) Changing from fast_reconnecting to connected 
[08/14/20, 15:08:16:687] info: [SOCKET-MANAGER] (TCZ97144A) will stay in connected state for up to Infinity ms 
[08/14/20, 15:08:16:688] info: [SOCKET-MANAGER] (TCZ97144A) Connected to primary region 
[08/14/20, 15:08:16:690] info: [EVENTLOG] (TCZ97144A) fr=true, lc=false, lt=1597410388.279000 
[08/14/20, 15:08:16:757] warn: SLACK-SOCKET Tried to send ping. but our socket is closed; readyState = 2 
[08/14/20, 15:08:16:857] info: [SOCKET-MANAGER] (TFKDG2MCK) Changing from fast_reconnecting to connected 
[08/14/20, 15:08:16:857] info: [SOCKET-MANAGER] (TFKDG2MCK) will stay in connected state for up to Infinity ms 
[08/14/20, 15:08:16:859] info: [SOCKET-MANAGER] (TFKDG2MCK) Connected to primary region 
[08/14/20, 15:08:16:860] info: [EVENTLOG] (TFKDG2MCK) fr=true, lc=false, lt=1597410385.470000 
[08/14/20, 15:08:16:973] warn: SLACK-SOCKET Tried to send ping. but our socket is closed; readyState = 2 
[08/14/20, 15:08:17:025] info: [SOCKET-MANAGER] (T03HMPJ8R) Changing from fast_reconnecting to connected 
[08/14/20, 15:08:17:025] info: [SOCKET-MANAGER] (T03HMPJ8R) will stay in connected state for up to Infinity ms 
[08/14/20, 15:08:17:026] info: [SOCKET-MANAGER] (T03HMPJ8R) Connected to primary region 
[08/14/20, 15:08:17:028] info: [EVENTLOG] (T03HMPJ8R) fr=true, lc=false, lt=1597410387.299000 
[08/14/20, 15:08:17:191] info: [SOCKET-MANAGER] (TSEDTE2H0) Changing from fast_reconnecting to connected 
[08/14/20, 15:08:17:191] info: [SOCKET-MANAGER] (TSEDTE2H0) will stay in connected state for up to Infinity ms 
[08/14/20, 15:08:17:193] info: [SOCKET-MANAGER] (TSEDTE2H0) Connected to primary region 
[08/14/20, 15:08:17:195] info: [EVENTLOG] (TSEDTE2H0) fr=true, lc=false, lt=1597410385.062000 
[08/14/20, 15:08:17:660] warn: SLACK-SOCKET Tried to send ping. but our socket is closed; readyState = 2 
[08/14/20, 15:08:25:200] warn: SLACK-SOCKET Tried to send ping. but our socket is closed; readyState = 2 
[08/14/20, 15:08:25:640] warn: SLACK-SOCKET Tried to send ping. but our socket is closed; readyState = 2 
[08/14/20, 15:08:26:366] warn: SLACK-SOCKET Tried to send ping. but our socket is closed; readyState = 2 
[08/14/20, 15:08:26:757] warn: SLACK-SOCKET Tried to send ping. but our socket is closed; readyState = 2 
[08/14/20, 15:08:26:973] warn: SLACK-SOCKET Tried to send ping. but our socket is closed; readyState = 2 
[08/14/20, 15:08:27:582] warn: SLACK-SOCKET Tried to send ping. but our socket is closed; readyState = 2 
[08/14/20, 15:08:32:687] info: [API-Q] (TCZ97144A) 00af2c42-1597410512.686 client.counts called with reason: client-counts-api/fetchClientCounts 
[08/14/20, 15:08:32:688] info: [API-Q] (TCZ97144A) 00af2c42-1597410512.686 client.counts is ENQUEUED 
[08/14/20, 15:08:32:688] info: [API-Q] (TCZ97144A) 00af2c42-1597410512.686 client.counts is ACTIVE 
[08/14/20, 15:08:33:268] info: [API-Q] (TCZ97144A) 00af2c42-1597410512.686 client.counts is RESOLVED 
[08/14/20, 15:08:33:272] info: [COUNTS] (TCZ97144A) Applying counts to channels 
[08/14/20, 15:08:33:275] info: [COUNTS] (TCZ97144A) Threads has_unreads:false mention_count:0 
[08/14/20, 15:08:33:275] info: [COUNTS] (TCZ97144A) Completed counts processing 
[08/14/20, 15:08:35:200] warn: SLACK-SOCKET Tried to send ping. but our socket is closed; readyState = 2 
[08/14/20, 15:08:35:640] warn: SLACK-SOCKET Tried to send ping. but our socket is closed; readyState = 2 
[08/14/20, 15:08:35:795] info: [API-Q] (T03HMPJ8R) 00af2c42-1597410515.794 client.counts called with reason: client-counts-api/fetchClientCounts 
[08/14/20, 15:08:35:795] info: [API-Q] (T03HMPJ8R) 00af2c42-1597410515.794 client.counts is ENQUEUED 
[08/14/20, 15:08:35:796] info: [API-Q] (T03HMPJ8R) 00af2c42-1597410515.794 client.counts is ACTIVE 
[08/14/20, 15:08:36:135] info: [API-Q] (T03HMPJ8R) 00af2c42-1597410515.794 client.counts is RESOLVED 
[08/14/20, 15:08:36:138] info: [COUNTS] (T03HMPJ8R) Applying counts to channels 
[08/14/20, 15:08:36:140] info: [COUNTS] (T03HMPJ8R) Threads has_unreads:false mention_count:0 
[08/14/20, 15:08:36:140] info: [COUNTS] (T03HMPJ8R) Completed counts processing 
[08/14/20, 15:08:36:366] warn: SLACK-SOCKET Tried to send ping. but our socket is closed; readyState = 2 
[08/14/20, 15:08:36:757] warn: SLACK-SOCKET Tried to send ping. but our socket is closed; readyState = 2 
[08/14/20, 15:08:36:973] warn: SLACK-SOCKET Tried to send ping. but our socket is closed; readyState = 2 
[08/14/20, 15:08:37:582] warn: SLACK-SOCKET Tried to send ping. but our socket is closed; readyState = 2 
[08/14/20, 15:08:38:196] info: [API-Q] (TPFGVDSR1) 00af2c42-1597410518.195 client.counts called with reason: client-counts-api/fetchClientCounts 
[08/14/20, 15:08:38:196] info: [API-Q] (TPFGVDSR1) 00af2c42-1597410518.195 client.counts is ENQUEUED 
[08/14/20, 15:08:38:197] info: [API-Q] (TPFGVDSR1) 00af2c42-1597410518.195 client.counts is ACTIVE 
[08/14/20, 15:08:38:593] info: [API-Q] (TPFGVDSR1) 00af2c42-1597410518.195 client.counts is RESOLVED 
[08/14/20, 15:08:38:595] info: [COUNTS] (TPFGVDSR1) Applying counts to channels 
[08/14/20, 15:08:38:597] info: [COUNTS] (TPFGVDSR1) Threads has_unreads:false mention_count:0 
[08/14/20, 15:08:38:597] info: [COUNTS] (TPFGVDSR1) Completed counts processing 
[08/14/20, 15:08:39:682] info: [API-Q] (TFKDG2MCK) 00af2c42-1597410519.682 client.counts called with reason: client-counts-api/fetchClientCounts 
[08/14/20, 15:08:39:683] info: [API-Q] (TFKDG2MCK) 00af2c42-1597410519.682 client.counts is ENQUEUED 
[08/14/20, 15:08:39:683] info: [API-Q] (TFKDG2MCK) 00af2c42-1597410519.682 client.counts is ACTIVE 
[08/14/20, 15:08:40:031] info: [API-Q] (TFKDG2MCK) 00af2c42-1597410519.682 client.counts is RESOLVED 
[08/14/20, 15:08:40:034] info: [COUNTS] (TFKDG2MCK) Applying counts to channels 
[08/14/20, 15:08:40:036] info: [COUNTS] (TFKDG2MCK) Threads has_unreads:false mention_count:0 
[08/14/20, 15:08:40:037] info: [COUNTS] (TFKDG2MCK) Completed counts processing 
[08/14/20, 15:08:40:292] info: Store: SET_SYSTEM_IDLE idle_taskbar 
[08/14/20, 15:08:43:040] info: [API-Q] (TSEDTE2H0) 00af2c42-1597410523.039 client.counts called with reason: client-counts-api/fetchClientCounts 
[08/14/20, 15:08:43:040] info: [API-Q] (TSEDTE2H0) 00af2c42-1597410523.039 client.counts is ENQUEUED 
[08/14/20, 15:08:43:040] info: [API-Q] (TSEDTE2H0) 00af2c42-1597410523.039 client.counts is ACTIVE 
[08/14/20, 15:08:43:300] info: [API-Q] (TSEDTE2H0) 00af2c42-1597410523.039 client.counts is RESOLVED 
[08/14/20, 15:08:43:303] info: [COUNTS] (TSEDTE2H0) Applying counts to channels 
[08/14/20, 15:08:43:304] info: [COUNTS] (TSEDTE2H0) Threads has_unreads:false mention_count:0 
[08/14/20, 15:08:43:304] info: [COUNTS] (TSEDTE2H0) Completed counts processing 
[08/14/20, 15:08:43:760] info: [API-Q] (T03S8TX18) 00af2c42-1597410523.759 client.counts called with reason: client-counts-api/fetchClientCounts 
[08/14/20, 15:08:43:760] info: [API-Q] (T03S8TX18) 00af2c42-1597410523.759 client.counts is ENQUEUED 
[08/14/20, 15:08:43:761] info: [API-Q] (T03S8TX18) 00af2c42-1597410523.759 client.counts is ACTIVE 
[08/14/20, 15:08:44:122] info: [API-Q] (T03S8TX18) 00af2c42-1597410523.759 client.counts is RESOLVED 
[08/14/20, 15:08:44:127] info: [COUNTS] (T03S8TX18) Applying counts to channels 
[08/14/20, 15:08:44:131] info: [COUNTS] (T03S8TX18) Recounted C018BUCDFL2; initial: {"unreadCnt":0,"unreadHighlightCnt":0}; after: {"unreadCnt":0,"unreadHighlightCnt":0} 
[08/14/20, 15:08:44:131] info: [COUNTS] (T03S8TX18) Threads has_unreads:false mention_count:0 
[08/14/20, 15:08:44:132] info: [COUNTS] (T03S8TX18) Completed counts processing 
[08/14/20, 15:08:45:200] warn: SLACK-SOCKET Tried to send ping. but our socket is closed; readyState = 2 
[08/14/20, 15:08:45:640] warn: SLACK-SOCKET Tried to send ping. but our socket is closed; readyState = 2 
[08/14/20, 15:08:46:366] warn: SLACK-SOCKET Tried to send ping. but our socket is closed; readyState = 2 
[08/14/20, 15:08:46:757] warn: SLACK-SOCKET Tried to send ping. but our socket is closed; readyState = 2 
[08/14/20, 15:08:46:973] warn: SLACK-SOCKET Tried to send ping. but our socket is closed; readyState = 2 
[08/14/20, 15:08:47:583] warn: SLACK-SOCKET Tried to send ping. but our socket is closed; readyState = 2 
[08/14/20, 15:08:55:200] warn: SLACK-SOCKET Tried to send ping. but our socket is closed; readyState = 2 
[08/14/20, 15:09:16:388] info: [CHECK-FOR-OLD-IMS] (T03S8TX18) Within limit: 9 
[08/14/20, 15:09:16:528] info: [CHECK-FOR-OLD-IMS] (TPFGVDSR1) Within limit: 11 
[08/14/20, 15:09:16:530] info: [API-Q] (TPFGVDSR1) 00af2c42-1597410556.529 users.channelSections.list called with reason: conditional-fetch-manager 
[08/14/20, 15:09:16:530] info: [API-Q] (TPFGVDSR1) 00af2c42-1597410556.529 users.channelSections.list is ENQUEUED 
[08/14/20, 15:09:16:531] info: [API-Q] (TPFGVDSR1) 00af2c42-1597410556.529 users.channelSections.list is ACTIVE 
[08/14/20, 15:09:16:675] info: [API-Q] (TPFGVDSR1) 00af2c42-1597410556.529 users.channelSections.list is RESOLVED 
[08/14/20, 15:09:16:690] info: [CHECK-FOR-OLD-IMS] (TCZ97144A) Within limit: 11 
[08/14/20, 15:09:16:692] info: [API-Q] (TCZ97144A) 00af2c42-1597410556.691 users.channelSections.list called with reason: conditional-fetch-manager 
[08/14/20, 15:09:16:692] info: [API-Q] (TCZ97144A) 00af2c42-1597410556.691 users.channelSections.list is ENQUEUED 
[08/14/20, 15:09:16:692] info: [API-Q] (TCZ97144A) 00af2c42-1597410556.691 users.channelSections.list is ACTIVE 
[08/14/20, 15:09:16:860] info: [CHECK-FOR-OLD-IMS] (TFKDG2MCK) Within limit: 11 
[08/14/20, 15:09:16:862] info: [API-Q] (TFKDG2MCK) 00af2c42-1597410556.861 users.channelSections.list called with reason: conditional-fetch-manager 
[08/14/20, 15:09:16:862] info: [API-Q] (TFKDG2MCK) 00af2c42-1597410556.861 users.channelSections.list is ENQUEUED 
[08/14/20, 15:09:16:863] info: [API-Q] (TFKDG2MCK) 00af2c42-1597410556.861 users.channelSections.list is ACTIVE 
[08/14/20, 15:09:16:944] info: [API-Q] (TCZ97144A) 00af2c42-1597410556.691 users.channelSections.list is RESOLVED 
[08/14/20, 15:09:17:011] info: [API-Q] (TFKDG2MCK) 00af2c42-1597410556.861 users.channelSections.list is RESOLVED 
[08/14/20, 15:09:17:029] info: [CHECK-FOR-OLD-IMS] (T03HMPJ8R) Within limit: 11 
[08/14/20, 15:09:17:030] info: [API-Q] (T03HMPJ8R) 00af2c42-1597410557.030 users.channelSections.list called with reason: conditional-fetch-manager 
[08/14/20, 15:09:17:030] info: [API-Q] (T03HMPJ8R) 00af2c42-1597410557.030 users.channelSections.list is ENQUEUED 
[08/14/20, 15:09:17:031] info: [API-Q] (T03HMPJ8R) 00af2c42-1597410557.030 users.channelSections.list is ACTIVE 
[08/14/20, 15:09:17:178] info: [API-Q] (T03HMPJ8R) 00af2c42-1597410557.030 users.channelSections.list is RESOLVED 
[08/14/20, 15:09:17:196] info: [CHECK-FOR-OLD-IMS] (TSEDTE2H0) Within limit: 11 
[08/14/20, 15:09:17:197] info: [API-Q] (TSEDTE2H0) 00af2c42-1597410557.196 users.channelSections.list called with reason: conditional-fetch-manager 
[08/14/20, 15:09:17:198] info: [API-Q] (TSEDTE2H0) 00af2c42-1597410557.196 users.channelSections.list is ENQUEUED 
[08/14/20, 15:09:17:199] info: [API-Q] (TSEDTE2H0) 00af2c42-1597410557.196 users.channelSections.list is ACTIVE 
[08/14/20, 15:09:17:346] info: [API-Q] (TSEDTE2H0) 00af2c42-1597410557.196 users.channelSections.list is RESOLVED 
[08/14/20, 15:11:26:727] info: [DND] (T03S8TX18) Checking for changes in DND status for the following members: UGW290ELX,U09UP5HNC,UTW3GRD5G,U2F55ET3N,U241MGFT3 
[08/14/20, 15:11:26:728] info: [DND] (T03S8TX18) Will check for changes in DND status again in 5 minutes 
[08/14/20, 15:15:43:323] info: [PERSIST] (TPFGVDSR1) Persisting state to storage because we just lost network connectivity 
[08/14/20, 15:15:43:323] info: [PERSIST] (TCZ97144A) Persisting state to storage because we just lost network connectivity 
[08/14/20, 15:15:43:324] info: [PERSIST] (TFKDG2MCK) Persisting state to storage because we just lost network connectivity 
[08/14/20, 15:15:43:324] info: [PERSIST] (T03S8TX18) Persisting state to storage because we just lost network connectivity 
[08/14/20, 15:15:43:324] info: [PERSIST] (T03HMPJ8R) Persisting state to storage because we just lost network connectivity 
[08/14/20, 15:15:43:324] info: [PERSIST] (TSEDTE2H0) Persisting state to storage because we just lost network connectivity 
[08/14/20, 15:15:43:377] info: [PERSIST] (TPFGVDSR1) Successfully persisted state 
[08/14/20, 15:15:43:388] info: [PERSIST] (TCZ97144A) Successfully persisted state 
[08/14/20, 15:15:43:398] info: [PERSIST] (TFKDG2MCK) Successfully persisted state 
[08/14/20, 15:15:43:419] info: [PERSIST] (T03S8TX18) Successfully persisted state 
[08/14/20, 15:15:43:432] info: [PERSIST] (T03HMPJ8R) Successfully persisted state 
[08/14/20, 15:15:43:442] info: [PERSIST] (TSEDTE2H0) Successfully persisted state 
[08/14/20, 15:16:26:729] info: [DND] (T03S8TX18) Checking for changes in DND status for the following members: UGW290ELX,U09UP5HNC,UTW3GRD5G,U2F55ET3N,U241MGFT3 
[08/14/20, 15:16:26:729] info: [DND] (T03S8TX18) Will check for changes in DND status again in 5 minutes 
[08/14/20, 15:18:20:696] info: Store: SET_SYSTEM_IDLE idle_presence 
[08/14/20, 15:21:10:844] info: Store: SET_SYSTEM_IDLE active 
[08/14/20, 15:21:26:729] info: [DND] (T03S8TX18) Checking for changes in DND status for the following members: UGW290ELX,U09UP5HNC,UTW3GRD5G,U2F55ET3N,U241MGFT3 
[08/14/20, 15:21:26:729] info: [DND] (T03S8TX18) Will check for changes in DND status again in 5 minutes 
[08/14/20, 15:21:30:853] info: Store: SET_SYSTEM_IDLE idle_taskbar 
[08/14/20, 15:21:57:043] info: [OPPORTUNISTIC_RELOADS] User has been blurred for 1200000 ms, evaluating whether or not we should reload opportunistically 
[08/14/20, 15:21:57:043] info: [OPPORTUNISTIC_RELOADS] Client is still visible to the user even though it is not focused, will avoid updating 
[08/14/20, 15:22:00:856] info: Store: SET_SYSTEM_IDLE active 
[08/14/20, 15:22:50:911] info: Store: SET_SYSTEM_IDLE idle_taskbar 
[08/14/20, 15:24:10:981] info: Store: SET_SYSTEM_IDLE active 
[08/14/20, 15:24:16:416] info: [CHECK-FOR-OLD-IMS] (T03S8TX18) Within limit: 9 
[08/14/20, 15:24:16:529] info: [CHECK-FOR-OLD-IMS] (TPFGVDSR1) Within limit: 11 
[08/14/20, 15:24:16:691] info: [CHECK-FOR-OLD-IMS] (TCZ97144A) Within limit: 11 
[08/14/20, 15:24:16:861] info: [CHECK-FOR-OLD-IMS] (TFKDG2MCK) Within limit: 11 
[08/14/20, 15:24:17:029] info: [CHECK-FOR-OLD-IMS] (T03HMPJ8R) Within limit: 11 
[08/14/20, 15:24:17:197] info: [CHECK-FOR-OLD-IMS] (TSEDTE2H0) Within limit: 11 
[08/14/20, 15:24:40:990] info: Store: SET_SYSTEM_IDLE idle_taskbar 
[08/14/20, 15:25:01:000] info: Store: SET_SYSTEM_IDLE active 
[08/14/20, 15:25:31:043] info: Store: SET_SYSTEM_IDLE idle_taskbar 
[08/14/20, 15:26:11:072] info: Store: SET_SYSTEM_IDLE active 
[08/14/20, 15:26:26:730] info: [DND] (T03S8TX18) Checking for changes in DND status for the following members: UGW290ELX,U09UP5HNC,UTW3GRD5G,U2F55ET3N,U241MGFT3 
[08/14/20, 15:26:26:730] info: [DND] (T03S8TX18) Will check for changes in DND status again in 5 minutes 
[08/14/20, 15:28:31:190] info: Store: SET_SYSTEM_IDLE idle_taskbar 
[08/14/20, 15:28:41:172] info: Store: SET_SYSTEM_IDLE active 
[08/14/20, 15:30:01:230] info: Store: SET_SYSTEM_IDLE idle_taskbar 
[08/14/20, 15:31:01:280] info: Store: SET_SYSTEM_IDLE active 
[08/14/20, 15:31:26:730] info: [DND] (T03S8TX18) Checking for changes in DND status for the following members: UGW290ELX,U09UP5HNC,UTW3GRD5G,U2F55ET3N,U241MGFT3 
[08/14/20, 15:31:26:731] info: [DND] (T03S8TX18) Will check for changes in DND status again in 5 minutes 
[08/14/20, 15:31:51:322] info: Store: SET_SYSTEM_IDLE idle_taskbar 
[08/14/20, 15:32:01:320] info: Store: SET_SYSTEM_IDLE active 
[08/14/20, 15:34:43:026] info: [RTM] (T03HMPJ8R) Processed 1 message event(s) in 31.365 ms 
[08/14/20, 15:34:43:030] info: [COUNTS] (T03HMPJ8R) Updated unread_cnt for C03HMPJ91: 1 
[08/14/20, 15:34:43:037] error: [DESKTOP] 'desktop.notice.shouldPlaySound' is missing or not a function 
[08/14/20, 15:34:43:106] info: [API-Q] (T03HMPJ8R) noversion-1597412083.104 Flannel users/info called with reason: flannel-call:users/info 
[08/14/20, 15:34:43:107] info: [API-Q] (T03HMPJ8R) noversion-1597412083.104 Flannel users/info is ENQUEUED 
[08/14/20, 15:34:43:109] info: [API-Q] (T03HMPJ8R) noversion-1597412083.104 Flannel users/info is ACTIVE 
[08/14/20, 15:34:43:109] info: Store: NEW_NOTIFICATION {
  "authorName": "[REDACTED]",
  "avatarImage": "[REDACTED]",
  "channel": "C03HMPJ91",
  "channelName": "[REDACTED]",
  "content": "[REDACTED]",
  "id": "m5PC4hQ5D3zJGj",
  "launchUri": "slack://channel?id=C03HMPJ91&message=1597412082.053600&team=T03HMPJ8R",
  "msg": "[REDACTED]",
  "silent": true,
  "subtitle": "[REDACTED]",
  "teamId": "T03HMPJ8R",
  "title": "[REDACTED]"
} 
[08/14/20, 15:34:43:429] info: [DESKTOP-MIDDLEWARE] (T03HMPJ8R) Forwarding redux payload to desktop ["unreads"] 
[08/14/20, 15:34:43:432] info: Store: REDUX_UPDATE_FROM_WEBAPP (T03HMPJ8R) Changed keys [unreads] 
[08/14/20, 15:34:43:515] info: [API-Q] (T03HMPJ8R) noversion-1597412083.104 Flannel users/info is RESOLVED 
[08/14/20, 15:35:31:506] info: Store: SET_SYSTEM_IDLE idle_taskbar 
[08/14/20, 15:36:26:756] info: [DND] (T03S8TX18) Checking for changes in DND status for the following members: UGW290ELX,U09UP5HNC,UTW3GRD5G,U2F55ET3N,U241MGFT3 
[08/14/20, 15:36:26:759] info: [DND] (T03S8TX18) Will check for changes in DND status again in 5 minutes 
[08/14/20, 15:36:31:546] info: Store: SET_SYSTEM_IDLE active 
[08/14/20, 15:37:11:577] info: Store: SET_SYSTEM_IDLE idle_taskbar 
[08/14/20, 15:37:51:608] info: Store: SET_SYSTEM_IDLE active 
[08/14/20, 15:38:21:624] info: Store: SET_SYSTEM_IDLE idle_taskbar 
[08/14/20, 15:38:43:157] info: [RTM] (T03HMPJ8R) Processed 1 message event(s) in 27.84 ms 
[08/14/20, 15:39:11:669] info: Store: SET_SYSTEM_IDLE active 
[08/14/20, 15:39:15:929] info: [RTM] (T03S8TX18) Processed 1 presence_change event(s) in 28.15 ms 
[08/14/20, 15:39:16:389] info: [CHECK-FOR-OLD-IMS] (T03S8TX18) Within limit: 9 
[08/14/20, 15:39:16:529] info: [CHECK-FOR-OLD-IMS] (TPFGVDSR1) Within limit: 11 
[08/14/20, 15:39:16:691] info: [CHECK-FOR-OLD-IMS] (TCZ97144A) Within limit: 11 
[08/14/20, 15:39:16:861] info: [CHECK-FOR-OLD-IMS] (TFKDG2MCK) Within limit: 11 
[08/14/20, 15:39:17:030] info: [CHECK-FOR-OLD-IMS] (T03HMPJ8R) Within limit: 11 
[08/14/20, 15:39:17:196] info: [CHECK-FOR-OLD-IMS] (TSEDTE2H0) Within limit: 11 
[08/14/20, 15:39:41:680] info: Store: SET_SYSTEM_IDLE idle_taskbar 
[08/14/20, 15:41:26:148] info: [DND] (T03S8TX18) Checking for changes in DND status for the following members: UGW290ELX,U09UP5HNC,UTW3GRD5G,U2F55ET3N,U241MGFT3 
[08/14/20, 15:41:26:148] info: [DND] (T03S8TX18) Will check for changes in DND status again in 5 minutes 
[08/14/20, 15:41:56:455] info: [OPPORTUNISTIC_RELOADS] User has been blurred for 1200000 ms, evaluating whether or not we should reload opportunistically 
[08/14/20, 15:41:56:455] info: [OPPORTUNISTIC_RELOADS] Client is still visible to the user even though it is not focused, will avoid updating 
[08/14/20, 15:42:51:220] info: Store: SET_SYSTEM_IDLE active 
[08/14/20, 15:43:51:272] info: Store: SET_SYSTEM_IDLE idle_taskbar 
[08/14/20, 15:44:11:288] info: Store: SET_SYSTEM_IDLE active 
[08/14/20, 15:44:41:308] info: Store: SET_SYSTEM_IDLE idle_taskbar 
[08/14/20, 15:45:24:773] info: [RTM] (T03HMPJ8R) Processed 1 user_typing event(s) in 22.835 ms 
[08/14/20, 15:45:41:351] info: Store: SET_SYSTEM_IDLE active 
[08/14/20, 15:46:26:180] info: [DND] (T03S8TX18) Checking for changes in DND status for the following members: UGW290ELX,U09UP5HNC,UTW3GRD5G,U2F55ET3N,U241MGFT3 
[08/14/20, 15:46:26:180] info: [DND] (T03S8TX18) Will check for changes in DND status again in 5 minutes 
[08/14/20, 15:47:11:443] info: Store: SET_SYSTEM_IDLE idle_taskbar 
[08/14/20, 15:47:31:448] info: Store: SET_SYSTEM_IDLE active 
[08/14/20, 15:48:51:521] info: Store: SET_SYSTEM_IDLE idle_taskbar 
[08/14/20, 15:49:31:561] info: Store: SET_SYSTEM_IDLE active 
[08/14/20, 15:51:26:182] info: [DND] (T03S8TX18) Checking for changes in DND status for the following members: UGW290ELX,U09UP5HNC,UTW3GRD5G,U2F55ET3N,U241MGFT3 
[08/14/20, 15:51:26:183] info: [DND] (T03S8TX18) Will check for changes in DND status again in 5 minutes 
